{"meta": {"format": 3, "version": "7.13.3", "timestamp": "2026-02-21T10:55:13.608889", "branch_coverage": false, "show_contexts": false}, "files": {"ai_agent.py": {"executed_lines": [5, 6, 7, 8, 9, 11, 13, 16, 17, 18, 19, 20, 24, 26, 44, 48, 49, 50, 52, 54, 56, 58, 61, 63, 67, 68, 69, 71, 79, 80, 81, 83, 84, 86, 96, 100, 101, 102, 103, 106, 112, 124, 131, 134, 135, 137, 138, 139, 141, 150, 152, 153, 184, 185, 187, 191, 192, 194, 198, 201, 204, 205, 206, 208, 218, 222, 223, 226, 227, 228, 231, 232, 233, 235, 238, 240, 256, 301, 315, 319, 320, 321, 327, 330, 331, 333, 337, 351, 385, 395, 403, 463, 675, 677, 678, 679, 680, 681, 684, 685, 689, 695, 698, 700, 726, 738], "summary": {"covered_lines": 106, "num_statements": 214, "percent_covered": 49.532710280373834, "percent_covered_display": "50", "missing_lines": 108, "excluded_lines": 0, "percent_statements_covered": 49.532710280373834, "percent_statements_covered_display": "50"}, "missing_lines": [51, 53, 55, 57, 59, 93, 94, 107, 108, 109, 114, 147, 148, 154, 155, 156, 158, 159, 167, 169, 170, 179, 182, 199, 215, 216, 236, 253, 254, 263, 264, 267, 270, 271, 272, 273, 278, 279, 280, 281, 286, 289, 290, 291, 295, 297, 298, 299, 303, 304, 305, 311, 312, 313, 334, 335, 339, 340, 341, 347, 348, 349, 359, 362, 365, 366, 367, 369, 371, 380, 381, 383, 387, 391, 392, 393, 397, 401, 405, 406, 407, 408, 409, 410, 411, 414, 415, 416, 418, 419, 422, 435, 436, 437, 438, 440, 442, 460, 461, 465, 686, 687, 690, 703, 715, 749, 750, 751], "excluded_lines": [], "functions": {"AIAgent.__init__": {"executed_lines": [18, 19, 20, 24, 26], "summary": {"covered_lines": 5, "num_statements": 5, "percent_covered": 100.0, "percent_covered_display": "100", "missing_lines": 0, "excluded_lines": 0, "percent_statements_covered": 100.0, "percent_statements_covered_display": "100"}, "missing_lines": [], "excluded_lines": [], "start_line": 17}, "AIAgent.execute_tool": {"executed_lines": [48, 49, 50, 52, 54, 56, 58, 61], "summary": {"covered_lines": 8, "num_statements": 13, "percent_covered": 61.53846153846154, "percent_covered_display": "62", "missing_lines": 5, "excluded_lines": 0, "percent_statements_covered": 61.53846153846154, "percent_statements_covered_display": "62"}, "missing_lines": [51, 53, 55, 57, 59], "excluded_lines": [], "start_line": 44}, "AIAgent._create_model": {"executed_lines": [67, 68, 69, 71, 79, 80, 81, 83, 84, 86], "summary": {"covered_lines": 10, "num_statements": 12, "percent_covered": 83.33333333333333, "percent_covered_display": "83", "missing_lines": 2, "excluded_lines": 0, "percent_statements_covered": 83.33333333333333, "percent_statements_covered_display": "83"}, "missing_lines": [93, 94], "excluded_lines": [], "start_line": 63}, "AIAgent._analyze_predictions": {"executed_lines": [100, 101, 102, 103, 106, 112, 124, 131, 134, 135, 137, 138, 139, 141], "summary": {"covered_lines": 14, "num_statements": 20, "percent_covered": 70.0, "percent_covered_display": "70", "missing_lines": 6, "excluded_lines": 0, "percent_statements_covered": 70.0, "percent_statements_covered_display": "70"}, "missing_lines": [107, 108, 109, 114, 147, 148], "excluded_lines": [], "start_line": 96}, "AIAgent._query_stats": {"executed_lines": [152, 153, 184, 185], "summary": {"covered_lines": 4, "num_statements": 14, "percent_covered": 28.571428571428573, "percent_covered_display": "29", "missing_lines": 10, "excluded_lines": 0, "percent_statements_covered": 28.571428571428573, "percent_statements_covered_display": "29"}, "missing_lines": [154, 155, 156, 158, 159, 167, 169, 170, 179, 182], "excluded_lines": [], "start_line": 150}, "AIAgent._explain_prediction": {"executed_lines": [191, 192, 194, 198, 201, 204, 205, 206, 208], "summary": {"covered_lines": 9, "num_statements": 12, "percent_covered": 75.0, "percent_covered_display": "75", "missing_lines": 3, "excluded_lines": 0, "percent_statements_covered": 75.0, "percent_statements_covered_display": "75"}, "missing_lines": [199, 215, 216], "excluded_lines": [], "start_line": 187}, "AIAgent._list_user_models": {"executed_lines": [222, 223, 226, 227, 228, 231, 232, 233, 235, 238, 240], "summary": {"covered_lines": 11, "num_statements": 14, "percent_covered": 78.57142857142857, "percent_covered_display": "79", "missing_lines": 3, "excluded_lines": 0, "percent_statements_covered": 78.57142857142857, "percent_statements_covered_display": "79"}, "missing_lines": [236, 253, 254], "excluded_lines": [], "start_line": 218}, "AIAgent.retrieve_context": {"executed_lines": [], "summary": {"covered_lines": 0, "num_statements": 19, "percent_covered": 0.0, "percent_covered_display": "0", "missing_lines": 19, "excluded_lines": 0, "percent_statements_covered": 0.0, "percent_statements_covered_display": "0"}, "missing_lines": [263, 264, 267, 270, 271, 272, 273, 278, 279, 280, 281, 286, 289, 290, 291, 295, 297, 298, 299], "excluded_lines": [], "start_line": 256}, "AIAgent._get_recent_team_stats": {"executed_lines": [], "summary": {"covered_lines": 0, "num_statements": 6, "percent_covered": 0.0, "percent_covered_display": "0", "missing_lines": 6, "excluded_lines": 0, "percent_statements_covered": 0.0, "percent_statements_covered_display": "0"}, "missing_lines": [303, 304, 305, 311, 312, 313], "excluded_lines": [], "start_line": 301}, "AIAgent._get_recent_predictions": {"executed_lines": [319, 320, 321, 327, 330, 331, 333], "summary": {"covered_lines": 7, "num_statements": 9, "percent_covered": 77.77777777777777, "percent_covered_display": "78", "missing_lines": 2, "excluded_lines": 0, "percent_statements_covered": 77.77777777777777, "percent_statements_covered_display": "78"}, "missing_lines": [334, 335], "excluded_lines": [], "start_line": 315}, "AIAgent._get_recent_games": {"executed_lines": [], "summary": {"covered_lines": 0, "num_statements": 6, "percent_covered": 0.0, "percent_covered_display": "0", "missing_lines": 6, "excluded_lines": 0, "percent_statements_covered": 0.0, "percent_statements_covered_display": "0"}, "missing_lines": [339, 340, 341, 347, 348, 349], "excluded_lines": [], "start_line": 337}, "AIAgent.chat": {"executed_lines": [], "summary": {"covered_lines": 0, "num_statements": 10, "percent_covered": 0.0, "percent_covered_display": "0", "missing_lines": 10, "excluded_lines": 0, "percent_statements_covered": 0.0, "percent_statements_covered_display": "0"}, "missing_lines": [359, 362, 365, 366, 367, 369, 371, 380, 381, 383], "excluded_lines": [], "start_line": 351}, "AIAgent._stream_response": {"executed_lines": [], "summary": {"covered_lines": 0, "num_statements": 4, "percent_covered": 0.0, "percent_covered_display": "0", "missing_lines": 4, "excluded_lines": 0, "percent_statements_covered": 0.0, "percent_statements_covered_display": "0"}, "missing_lines": [387, 391, 392, 393], "excluded_lines": [], "start_line": 385}, "AIAgent._invoke_model": {"executed_lines": [], "summary": {"covered_lines": 0, "num_statements": 2, "percent_covered": 0.0, "percent_covered_display": "0", "missing_lines": 2, "excluded_lines": 0, "percent_statements_covered": 0.0, "percent_statements_covered_display": "0"}, "missing_lines": [397, 401], "excluded_lines": [], "start_line": 395}, "AIAgent._analyze_bet": {"executed_lines": [], "summary": {"covered_lines": 0, "num_statements": 21, "percent_covered": 0.0, "percent_covered_display": "0", "missing_lines": 21, "excluded_lines": 0, "percent_statements_covered": 0.0, "percent_statements_covered_display": "0"}, "missing_lines": [405, 406, 407, 408, 409, 410, 411, 414, 415, 416, 418, 419, 422, 435, 436, 437, 438, 440, 442, 460, 461], "excluded_lines": [], "start_line": 403}, "AIAgent._get_tools": {"executed_lines": [], "summary": {"covered_lines": 0, "num_statements": 1, "percent_covered": 0.0, "percent_covered_display": "0", "missing_lines": 1, "excluded_lines": 0, "percent_statements_covered": 0.0, "percent_statements_covered_display": "0"}, "missing_lines": [465], "excluded_lines": [], "start_line": 463}, "lambda_handler": {"executed_lines": [677, 678, 679, 680, 681, 684, 685, 689, 695, 698, 700, 726, 738], "summary": {"covered_lines": 13, "num_statements": 21, "percent_covered": 61.904761904761905, "percent_covered_display": "62", "missing_lines": 8, "excluded_lines": 0, "percent_statements_covered": 61.904761904761905, "percent_statements_covered_display": "62"}, "missing_lines": [686, 687, 690, 703, 715, 749, 750, 751], "excluded_lines": [], "start_line": 675}, "": {"executed_lines": [5, 6, 7, 8, 9, 11, 13, 16, 17, 44, 63, 96, 150, 187, 218, 256, 301, 315, 337, 351, 385, 395, 403, 463, 675], "summary": {"covered_lines": 25, "num_statements": 25, "percent_covered": 100.0, "percent_covered_display": "100", "missing_lines": 0, "excluded_lines": 0, "percent_statements_covered": 100.0, "percent_statements_covered_display": "100"}, "missing_lines": [], "excluded_lines": [], "start_line": 1}}, "classes": {"AIAgent": {"executed_lines": [18, 19, 20, 24, 26, 48, 49, 50, 52, 54, 56, 58, 61, 67, 68, 69, 71, 79, 80, 81, 83, 84, 86, 100, 101, 102, 103, 106, 112, 124, 131, 134, 135, 137, 138, 139, 141, 152, 153, 184, 185, 191, 192, 194, 198, 201, 204, 205, 206, 208, 222, 223, 226, 227, 228, 231, 232, 233, 235, 238, 240, 319, 320, 321, 327, 330, 331, 333], "summary": {"covered_lines": 68, "num_statements": 168, "percent_covered": 40.476190476190474, "percent_covered_display": "40", "missing_lines": 100, "excluded_lines": 0, "percent_statements_covered": 40.476190476190474, "percent_statements_covered_display": "40"}, "missing_lines": [51, 53, 55, 57, 59, 93, 94, 107, 108, 109, 114, 147, 148, 154, 155, 156, 158, 159, 167, 169, 170, 179, 182, 199, 215, 216, 236, 253, 254, 263, 264, 267, 270, 271, 272, 273, 278, 279, 280, 281, 286, 289, 290, 291, 295, 297, 298, 299, 303, 304, 305, 311, 312, 313, 334, 335, 339, 340, 341, 347, 348, 349, 359, 362, 365, 366, 367, 369, 371, 380, 381, 383, 387, 391, 392, 393, 397, 401, 405, 406, 407, 408, 409, 410, 411, 414, 415, 416, 418, 419, 422, 435, 436, 437, 438, 440, 442, 460, 461, 465], "excluded_lines": [], "start_line": 16}, "": {"executed_lines": [5, 6, 7, 8, 9, 11, 13, 16, 17, 44, 63, 96, 150, 187, 218, 256, 301, 315, 337, 351, 385, 395, 403, 463, 675, 677, 678, 679, 680, 681, 684, 685, 689, 695, 698, 700, 726, 738], "summary": {"covered_lines": 38, "num_statements": 46, "percent_covered": 82.6086956521739, "percent_covered_display": "83", "missing_lines": 8, "excluded_lines": 0, "percent_statements_covered": 82.6086956521739, "percent_statements_covered_display": "83"}, "missing_lines": [686, 687, 690, 703, 715, 749, 750, 751], "excluded_lines": [], "start_line": 1}}}, "ai_agent_api.py": {"executed_lines": [5, 6, 8, 11, 13, 20, 21, 22, 24, 25, 27, 41, 43, 44, 45, 46, 47, 49, 50, 56, 57, 63, 66, 73], "summary": {"covered_lines": 24, "num_statements": 28, "percent_covered": 85.71428571428571, "percent_covered_display": "86", "missing_lines": 4, "excluded_lines": 0, "percent_statements_covered": 85.71428571428571, "percent_statements_covered_display": "86"}, "missing_lines": [33, 34, 81, 82], "excluded_lines": [], "functions": {"lambda_handler": {"executed_lines": [13, 20, 21, 22, 24, 25, 27], "summary": {"covered_lines": 7, "num_statements": 9, "percent_covered": 77.77777777777777, "percent_covered_display": "78", "missing_lines": 2, "excluded_lines": 0, "percent_statements_covered": 77.77777777777777, "percent_statements_covered_display": "78"}, "missing_lines": [33, 34], "excluded_lines": [], "start_line": 11}, "handle_chat": {"executed_lines": [43, 44, 45, 46, 47, 49, 50, 56, 57, 63, 66, 73], "summary": {"covered_lines": 12, "num_statements": 14, "percent_covered": 85.71428571428571, "percent_covered_display": "86", "missing_lines": 2, "excluded_lines": 0, "percent_statements_covered": 85.71428571428571, "percent_statements_covered_display": "86"}, "missing_lines": [81, 82], "excluded_lines": [], "start_line": 41}, "": {"executed_lines": [5, 6, 8, 11, 41], "summary": {"covered_lines": 5, "num_statements": 5, "percent_covered": 100.0, "percent_covered_display": "100", "missing_lines": 0, "excluded_lines": 0, "percent_statements_covered": 100.0, "percent_statements_covered_display": "100"}, "missing_lines": [], "excluded_lines": [], "start_line": 1}}, "classes": {"": {"executed_lines": [5, 6, 8, 11, 13, 20, 21, 22, 24, 25, 27, 41, 43, 44, 45, 46, 47, 49, 50, 56, 57, 63, 66, 73], "summary": {"covered_lines": 24, "num_statements": 28, "percent_covered": 85.71428571428571, "percent_covered_display": "86", "missing_lines": 4, "excluded_lines": 0, "percent_statements_covered": 85.71428571428571, "percent_statements_covered_display": "86"}, "missing_lines": [33, 34, 81, 82], "excluded_lines": [], "start_line": 1}}}, "analysis_generator.py": {"executed_lines": [1, 2, 3, 4, 5, 7, 9, 10, 13, 14, 15, 18, 20, 21, 22, 23, 24, 25, 29, 31, 32, 33, 34, 35, 36, 37, 40, 42, 43, 44, 45, 46, 48, 53, 55, 56, 57, 58, 60, 61, 62, 64, 77, 78, 79, 82, 84, 85, 86, 87, 89, 90, 97, 98, 100, 103, 104, 105, 107, 108, 113, 114, 115, 117, 118, 119, 121, 125, 129, 130, 133, 136, 137, 138, 139, 140, 142, 146, 180, 183, 184, 185, 186, 187, 191, 198, 200, 201, 203, 204, 205, 206, 208, 209, 220, 223, 225, 226, 227, 229, 231, 235, 236, 238, 241, 242, 243, 249, 250, 260, 263, 265, 266, 267, 270, 273, 274, 275, 276, 278, 280, 281, 288, 289, 306, 316, 317, 318, 319, 320, 321, 322, 324, 331, 333, 335, 338, 339, 344, 345, 351, 352, 355, 357, 358, 359, 360, 363, 366, 368, 369, 372, 373, 374, 375, 376, 377, 380, 383, 384, 385, 386, 387, 388, 390, 392, 393, 394, 395, 396, 397, 398, 399, 404, 405, 406, 407, 408, 409, 414, 415, 416, 417, 418, 419, 420, 423, 424, 427, 428, 429, 430, 431, 434, 436, 439, 441], "summary": {"covered_lines": 197, "num_statements": 230, "percent_covered": 85.65217391304348, "percent_covered_display": "86", "missing_lines": 33, "excluded_lines": 0, "percent_statements_covered": 85.65217391304348, "percent_statements_covered_display": "86"}, "missing_lines": [26, 147, 154, 155, 171, 173, 174, 175, 177, 178, 188, 189, 193, 194, 195, 221, 307, 308, 310, 311, 313, 326, 327, 328, 346, 347, 401, 411, 435, 437, 443, 444, 445], "excluded_lines": [], "functions": {"decimal_to_float": {"executed_lines": [20, 21, 22, 23, 24, 25], "summary": {"covered_lines": 6, "num_statements": 7, "percent_covered": 85.71428571428571, "percent_covered_display": "86", "missing_lines": 1, "excluded_lines": 0, "percent_statements_covered": 85.71428571428571, "percent_statements_covered_display": "86"}, "missing_lines": [26], "excluded_lines": [], "start_line": 18}, "float_to_decimal": {"executed_lines": [31, 32, 33, 34, 35, 36, 37], "summary": {"covered_lines": 7, "num_statements": 7, "percent_covered": 100.0, "percent_covered_display": "100", "missing_lines": 0, "excluded_lines": 0, "percent_statements_covered": 100.0, "percent_statements_covered_display": "100"}, "missing_lines": [], "excluded_lines": [], "start_line": 29}, "lambda_handler": {"executed_lines": [42, 43, 44, 45, 46, 48, 53, 55, 56, 57, 58, 60, 61, 62, 64, 77, 78, 79], "summary": {"covered_lines": 18, "num_statements": 18, "percent_covered": 100.0, "percent_covered_display": "100", "missing_lines": 0, "excluded_lines": 0, "percent_statements_covered": 100.0, "percent_statements_covered_display": "100"}, "missing_lines": [], "excluded_lines": [], "start_line": 40}, "generate_game_analysis": {"executed_lines": [84, 85, 86, 87, 89, 90, 97, 98, 100, 103, 104, 105, 107, 108, 113, 114, 115, 117, 118, 119, 121, 125, 129, 130, 133, 136, 183, 184, 185, 186, 187, 191], "summary": {"covered_lines": 32, "num_statements": 37, "percent_covered": 86.48648648648648, "percent_covered_display": "86", "missing_lines": 5, "excluded_lines": 0, "percent_statements_covered": 86.48648648648648, "percent_statements_covered_display": "86"}, "missing_lines": [188, 189, 193, 194, 195], "excluded_lines": [], "start_line": 82}, "generate_game_analysis.process_game": {"executed_lines": [137, 138, 139, 140, 142, 146, 180], "summary": {"covered_lines": 7, "num_statements": 16, "percent_covered": 43.75, "percent_covered_display": "44", "missing_lines": 9, "excluded_lines": 0, "percent_statements_covered": 43.75, "percent_statements_covered_display": "44"}, "missing_lines": [147, 154, 155, 171, 173, 174, 175, 177, 178], "excluded_lines": [], "start_line": 136}, "generate_prop_analysis": {"executed_lines": [200, 201, 203, 204, 205, 206, 208, 209, 220, 223, 225, 226, 227, 229, 231, 235, 236, 238, 241, 242, 243, 249, 250, 260, 263, 265, 266, 267, 270, 273, 316, 317, 318, 319, 320, 321, 322, 324], "summary": {"covered_lines": 38, "num_statements": 42, "percent_covered": 90.47619047619048, "percent_covered_display": "90", "missing_lines": 4, "excluded_lines": 0, "percent_statements_covered": 90.47619047619048, "percent_statements_covered_display": "90"}, "missing_lines": [221, 326, 327, 328], "excluded_lines": [], "start_line": 198}, "generate_prop_analysis.process_prop": {"executed_lines": [274, 275, 276, 278, 280, 281, 288, 289, 306], "summary": {"covered_lines": 9, "num_statements": 14, "percent_covered": 64.28571428571429, "percent_covered_display": "64", "missing_lines": 5, "excluded_lines": 0, "percent_statements_covered": 64.28571428571429, "percent_statements_covered_display": "64"}, "missing_lines": [307, 308, 310, 311, 313], "excluded_lines": [], "start_line": 273}, "store_analysis": {"executed_lines": [333, 335, 338, 339, 344, 345, 351, 352], "summary": {"covered_lines": 8, "num_statements": 10, "percent_covered": 80.0, "percent_covered_display": "80", "missing_lines": 2, "excluded_lines": 0, "percent_statements_covered": 80.0, "percent_statements_covered_display": "80"}, "missing_lines": [346, 347], "excluded_lines": [], "start_line": 331}, "create_inverse_prediction": {"executed_lines": [357, 358, 359, 360, 363, 366, 368, 369, 372, 373, 374, 375, 376, 377, 380, 383, 384, 385, 386, 387, 388, 390, 392, 393, 394, 395, 396, 397, 398, 399, 404, 405, 406, 407, 408, 409, 414, 415, 416, 417, 418, 419, 420, 423, 424, 427, 428, 429, 430, 431, 434, 436, 439, 441], "summary": {"covered_lines": 54, "num_statements": 61, "percent_covered": 88.52459016393442, "percent_covered_display": "89", "missing_lines": 7, "excluded_lines": 0, "percent_statements_covered": 88.52459016393442, "percent_statements_covered_display": "89"}, "missing_lines": [401, 411, 435, 437, 443, 444, 445], "excluded_lines": [], "start_line": 355}, "": {"executed_lines": [1, 2, 3, 4, 5, 7, 9, 10, 13, 14, 15, 18, 29, 40, 82, 198, 331, 355], "summary": {"covered_lines": 18, "num_statements": 18, "percent_covered": 100.0, "percent_covered_display": "100", "missing_lines": 0, "excluded_lines": 0, "percent_statements_covered": 100.0, "percent_statements_covered_display": "100"}, "missing_lines": [], "excluded_lines": [], "start_line": 1}}, "classes": {"": {"executed_lines": [1, 2, 3, 4, 5, 7, 9, 10, 13, 14, 15, 18, 20, 21, 22, 23, 24, 25, 29, 31, 32, 33, 34, 35, 36, 37, 40, 42, 43, 44, 45, 46, 48, 53, 55, 56, 57, 58, 60, 61, 62, 64, 77, 78, 79, 82, 84, 85, 86, 87, 89, 90, 97, 98, 100, 103, 104, 105, 107, 108, 113, 114, 115, 117, 118, 119, 121, 125, 129, 130, 133, 136, 137, 138, 139, 140, 142, 146, 180, 183, 184, 185, 186, 187, 191, 198, 200, 201, 203, 204, 205, 206, 208, 209, 220, 223, 225, 226, 227, 229, 231, 235, 236, 238, 241, 242, 243, 249, 250, 260, 263, 265, 266, 267, 270, 273, 274, 275, 276, 278, 280, 281, 288, 289, 306, 316, 317, 318, 319, 320, 321, 322, 324, 331, 333, 335, 338, 339, 344, 345, 351, 352, 355, 357, 358, 359, 360, 363, 366, 368, 369, 372, 373, 374, 375, 376, 377, 380, 383, 384, 385, 386, 387, 388, 390, 392, 393, 394, 395, 396, 397, 398, 399, 404, 405, 406, 407, 408, 409, 414, 415, 416, 417, 418, 419, 420, 423, 424, 427, 428, 429, 430, 431, 434, 436, 439, 441], "summary": {"covered_lines": 197, "num_statements": 230, "percent_covered": 85.65217391304348, "percent_covered_display": "86", "missing_lines": 33, "excluded_lines": 0, "percent_statements_covered": 85.65217391304348, "percent_statements_covered_display": "86"}, "missing_lines": [26, 147, 154, 155, 171, 173, 174, 175, 177, 178, 188, 189, 193, 194, 195, 221, 307, 308, 310, 311, 313, 326, 327, 328, 346, 347, 401, 411, 435, 437, 443, 444, 445], "excluded_lines": [], "start_line": 1}}}, "api/__init__.py": {"executed_lines": [], "summary": {"covered_lines": 0, "num_statements": 0, "percent_covered": 100.0, "percent_covered_display": "100", "missing_lines": 0, "excluded_lines": 0, "percent_statements_covered": 100.0, "percent_statements_covered_display": "100"}, "missing_lines": [], "excluded_lines": [], "functions": {"": {"executed_lines": [], "summary": {"covered_lines": 0, "num_statements": 0, "percent_covered": 100.0, "percent_covered_display": "100", "missing_lines": 0, "excluded_lines": 0, "percent_statements_covered": 100.0, "percent_statements_covered_display": "100"}, "missing_lines": [], "excluded_lines": [], "start_line": 1}}, "classes": {"": {"executed_lines": [], "summary": {"covered_lines": 0, "num_statements": 0, "percent_covered": 100.0, "percent_covered_display": "100", "missing_lines": 0, "excluded_lines": 0, "percent_statements_covered": 100.0, "percent_statements_covered_display": "100"}, "missing_lines": [], "excluded_lines": [], "start_line": 1}}}, "api/analyses.py": {"executed_lines": [], "summary": {"covered_lines": 0, "num_statements": 78, "percent_covered": 0.0, "percent_covered_display": "0", "missing_lines": 78, "excluded_lines": 0, "percent_statements_covered": 0.0, "percent_statements_covered_display": "0"}, "missing_lines": [5, 6, 7, 9, 11, 14, 17, 26, 27, 28, 29, 31, 33, 35, 36, 37, 38, 39, 40, 42, 43, 45, 46, 48, 49, 50, 51, 52, 53, 55, 56, 58, 68, 69, 71, 72, 74, 75, 76, 93, 94, 95, 96, 98, 100, 102, 110, 111, 113, 115, 116, 118, 120, 121, 122, 123, 125, 126, 136, 138, 139, 140, 141, 150, 152, 153, 157, 158, 160, 174, 175, 176, 177, 179, 187, 188, 192, 193], "excluded_lines": [], "functions": {"AnalysesHandler.route_request": {"executed_lines": [], "summary": {"covered_lines": 0, "num_statements": 5, "percent_covered": 0.0, "percent_covered_display": "0", "missing_lines": 5, "excluded_lines": 0, "percent_statements_covered": 0.0, "percent_statements_covered_display": "0"}, "missing_lines": [26, 27, 28, 29, 31], "excluded_lines": [], "start_line": 17}, "AnalysesHandler.get_analyses": {"executed_lines": [], "summary": {"covered_lines": 0, "num_statements": 38, "percent_covered": 0.0, "percent_covered_display": "0", "missing_lines": 38, "excluded_lines": 0, "percent_statements_covered": 0.0, "percent_statements_covered_display": "0"}, "missing_lines": [35, 36, 37, 38, 39, 40, 42, 43, 45, 46, 48, 49, 50, 51, 52, 53, 55, 56, 58, 68, 69, 71, 72, 74, 75, 76, 93, 94, 95, 96, 98, 100, 102, 110, 111, 113, 115, 116], "excluded_lines": [], "start_line": 33}, "AnalysesHandler.get_top_analysis": {"executed_lines": [], "summary": {"covered_lines": 0, "num_statements": 24, "percent_covered": 0.0, "percent_covered_display": "0", "missing_lines": 24, "excluded_lines": 0, "percent_statements_covered": 0.0, "percent_statements_covered_display": "0"}, "missing_lines": [120, 121, 122, 123, 125, 126, 136, 138, 139, 140, 141, 150, 152, 153, 157, 158, 160, 174, 175, 176, 177, 179, 187, 188], "excluded_lines": [], "start_line": 118}, "": {"executed_lines": [], "summary": {"covered_lines": 0, "num_statements": 11, "percent_covered": 0.0, "percent_covered_display": "0", "missing_lines": 11, "excluded_lines": 0, "percent_statements_covered": 0.0, "percent_statements_covered_display": "0"}, "missing_lines": [5, 6, 7, 9, 11, 14, 17, 33, 118, 192, 193], "excluded_lines": [], "start_line": 1}}, "classes": {"AnalysesHandler": {"executed_lines": [], "summary": {"covered_lines": 0, "num_statements": 67, "percent_covered": 0.0, "percent_covered_display": "0", "missing_lines": 67, "excluded_lines": 0, "percent_statements_covered": 0.0, "percent_statements_covered_display": "0"}, "missing_lines": [26, 27, 28, 29, 31, 35, 36, 37, 38, 39, 40, 42, 43, 45, 46, 48, 49, 50, 51, 52, 53, 55, 56, 58, 68, 69, 71, 72, 74, 75, 76, 93, 94, 95, 96, 98, 100, 102, 110, 111, 113, 115, 116, 120, 121, 122, 123, 125, 126, 136, 138, 139, 140, 141, 150, 152, 153, 157, 158, 160, 174, 175, 176, 177, 179, 187, 188], "excluded_lines": [], "start_line": 14}, "": {"executed_lines": [], "summary": {"covered_lines": 0, "num_statements": 11, "percent_covered": 0.0, "percent_covered_display": "0", "missing_lines": 11, "excluded_lines": 0, "percent_statements_covered": 0.0, "percent_statements_covered_display": "0"}, "missing_lines": [5, 6, 7, 9, 11, 14, 17, 33, 118, 192, 193], "excluded_lines": [], "start_line": 1}}}, "api/analytics.py": {"executed_lines": [5, 6, 7, 9, 11, 12, 15, 18, 27, 28, 29, 30, 31, 32, 33, 34, 36, 38, 40, 41, 42, 45, 46, 48, 49, 50, 52, 53, 54, 55, 56, 57, 58, 60, 61, 63, 66, 67, 81, 84, 86, 88, 89, 91, 92, 107, 109, 110, 115, 117, 118, 120, 121, 122, 123, 125, 126, 127, 129, 130, 135, 137, 138, 139, 141, 142, 143, 146, 183, 184, 185, 186, 216, 217, 219, 220, 225, 227, 228, 229, 230, 232, 241, 243, 260, 262, 263, 264, 265, 266, 268, 269, 271, 272, 273, 274, 276, 285, 287, 306, 308, 309, 310, 311, 312, 313, 314, 316, 317, 318, 319, 321, 324, 325, 326, 327, 329, 330, 331, 332, 334, 350, 351, 353, 359, 361, 363, 370, 372, 373, 375, 376, 377, 378, 380, 381, 382, 384, 387, 388, 389, 391, 392, 393, 395, 397, 400, 402, 404, 412, 413], "summary": {"covered_lines": 151, "num_statements": 278, "percent_covered": 54.31654676258993, "percent_covered_display": "54", "missing_lines": 127, "excluded_lines": 0, "percent_statements_covered": 54.31654676258993, "percent_statements_covered_display": "54"}, "missing_lines": [68, 69, 70, 71, 72, 73, 74, 75, 76, 78, 82, 93, 94, 95, 96, 97, 98, 99, 100, 101, 102, 103, 105, 112, 113, 132, 133, 147, 148, 150, 151, 152, 153, 154, 155, 156, 157, 158, 159, 160, 161, 162, 164, 165, 166, 167, 168, 169, 170, 172, 173, 174, 175, 177, 179, 180, 187, 189, 190, 191, 192, 194, 196, 197, 198, 199, 201, 202, 203, 204, 205, 206, 207, 209, 211, 212, 213, 221, 222, 223, 233, 234, 235, 236, 237, 238, 239, 255, 256, 257, 258, 277, 278, 279, 280, 281, 282, 283, 300, 301, 302, 303, 322, 335, 336, 337, 338, 339, 341, 342, 343, 345, 346, 348, 354, 355, 356, 357, 365, 366, 367, 385, 396, 398, 406, 407, 408], "excluded_lines": [], "functions": {"AnalyticsHandler.route_request": {"executed_lines": [27, 28, 29, 30, 31, 32, 33, 34, 36], "summary": {"covered_lines": 9, "num_statements": 9, "percent_covered": 100.0, "percent_covered_display": "100", "missing_lines": 0, "excluded_lines": 0, "percent_statements_covered": 100.0, "percent_statements_covered_display": "100"}, "missing_lines": [], "excluded_lines": [], "start_line": 18}, "AnalyticsHandler.get_analytics": {"executed_lines": [40, 41, 42, 45, 46, 48, 49, 50, 52, 53, 54, 55, 56, 57, 58, 60, 61, 63, 66, 67, 81, 84, 86, 88, 89, 91, 92, 107, 109, 110], "summary": {"covered_lines": 30, "num_statements": 55, "percent_covered": 54.54545454545455, "percent_covered_display": "55", "missing_lines": 25, "excluded_lines": 0, "percent_statements_covered": 54.54545454545455, "percent_statements_covered_display": "55"}, "missing_lines": [68, 69, 70, 71, 72, 73, 74, 75, 76, 78, 82, 93, 94, 95, 96, 97, 98, 99, 100, 101, 102, 103, 105, 112, 113], "excluded_lines": [], "start_line": 38}, "AnalyticsHandler.get_model_performance": {"executed_lines": [117, 118, 120, 121, 122, 123, 125, 126, 127, 129, 130], "summary": {"covered_lines": 11, "num_statements": 13, "percent_covered": 84.61538461538461, "percent_covered_display": "85", "missing_lines": 2, "excluded_lines": 0, "percent_statements_covered": 84.61538461538461, "percent_statements_covered_display": "85"}, "missing_lines": [132, 133], "excluded_lines": [], "start_line": 115}, "AnalyticsHandler.get_model_comparison": {"executed_lines": [137, 138, 139, 141, 142, 143, 146, 183, 184, 185, 186, 216, 217, 219, 220, 225, 227, 228, 229, 230, 232, 241, 243], "summary": {"covered_lines": 23, "num_statements": 87, "percent_covered": 26.436781609195403, "percent_covered_display": "26", "missing_lines": 64, "excluded_lines": 0, "percent_statements_covered": 26.436781609195403, "percent_statements_covered_display": "26"}, "missing_lines": [147, 148, 150, 151, 152, 153, 154, 155, 156, 157, 158, 159, 160, 161, 162, 164, 165, 166, 167, 168, 169, 170, 172, 173, 174, 175, 177, 179, 180, 187, 189, 190, 191, 192, 194, 196, 197, 198, 199, 201, 202, 203, 204, 205, 206, 207, 209, 211, 212, 213, 221, 222, 223, 233, 234, 235, 236, 237, 238, 239, 255, 256, 257, 258], "excluded_lines": [], "start_line": 135}, "AnalyticsHandler.get_model_rankings": {"executed_lines": [262, 263, 264, 265, 266, 268, 269, 271, 272, 273, 274, 276, 285, 287], "summary": {"covered_lines": 14, "num_statements": 25, "percent_covered": 56.0, "percent_covered_display": "56", "missing_lines": 11, "excluded_lines": 0, "percent_statements_covered": 56.0, "percent_statements_covered_display": "56"}, "missing_lines": [277, 278, 279, 280, 281, 282, 283, 300, 301, 302, 303], "excluded_lines": [], "start_line": 260}, "_calculate_model_roi": {"executed_lines": [308, 309, 310, 311, 312, 313, 314, 316, 317, 318, 319, 321, 324, 325, 326, 327, 329, 330, 331, 332, 334, 350, 351, 353, 359, 361, 363], "summary": {"covered_lines": 27, "num_statements": 46, "percent_covered": 58.69565217391305, "percent_covered_display": "59", "missing_lines": 19, "excluded_lines": 0, "percent_statements_covered": 58.69565217391305, "percent_statements_covered_display": "59"}, "missing_lines": [322, 335, 336, 337, 338, 339, 341, 342, 343, 345, 346, 348, 354, 355, 356, 357, 365, 366, 367], "excluded_lines": [], "start_line": 306}, "_get_model_comparison_data": {"executed_lines": [372, 373, 375, 376, 377, 378, 380, 381, 382, 384, 387, 388, 389, 391, 392, 393, 395, 397, 400, 402, 404], "summary": {"covered_lines": 21, "num_statements": 27, "percent_covered": 77.77777777777777, "percent_covered_display": "78", "missing_lines": 6, "excluded_lines": 0, "percent_statements_covered": 77.77777777777777, "percent_statements_covered_display": "78"}, "missing_lines": [385, 396, 398, 406, 407, 408], "excluded_lines": [], "start_line": 370}, "": {"executed_lines": [5, 6, 7, 9, 11, 12, 15, 18, 38, 115, 135, 260, 306, 370, 412, 413], "summary": {"covered_lines": 16, "num_statements": 16, "percent_covered": 100.0, "percent_covered_display": "100", "missing_lines": 0, "excluded_lines": 0, "percent_statements_covered": 100.0, "percent_statements_covered_display": "100"}, "missing_lines": [], "excluded_lines": [], "start_line": 1}}, "classes": {"AnalyticsHandler": {"executed_lines": [27, 28, 29, 30, 31, 32, 33, 34, 36, 40, 41, 42, 45, 46, 48, 49, 50, 52, 53, 54, 55, 56, 57, 58, 60, 61, 63, 66, 67, 81, 84, 86, 88, 89, 91, 92, 107, 109, 110, 117, 118, 120, 121, 122, 123, 125, 126, 127, 129, 130, 137, 138, 139, 141, 142, 143, 146, 183, 184, 185, 186, 216, 217, 219, 220, 225, 227, 228, 229, 230, 232, 241, 243, 262, 263, 264, 265, 266, 268, 269, 271, 272, 273, 274, 276, 285, 287], "summary": {"covered_lines": 87, "num_statements": 189, "percent_covered": 46.03174603174603, "percent_covered_display": "46", "missing_lines": 102, "excluded_lines": 0, "percent_statements_covered": 46.03174603174603, "percent_statements_covered_display": "46"}, "missing_lines": [68, 69, 70, 71, 72, 73, 74, 75, 76, 78, 82, 93, 94, 95, 96, 97, 98, 99, 100, 101, 102, 103, 105, 112, 113, 132, 133, 147, 148, 150, 151, 152, 153, 154, 155, 156, 157, 158, 159, 160, 161, 162, 164, 165, 166, 167, 168, 169, 170, 172, 173, 174, 175, 177, 179, 180, 187, 189, 190, 191, 192, 194, 196, 197, 198, 199, 201, 202, 203, 204, 205, 206, 207, 209, 211, 212, 213, 221, 222, 223, 233, 234, 235, 236, 237, 238, 239, 255, 256, 257, 258, 277, 278, 279, 280, 281, 282, 283, 300, 301, 302, 303], "excluded_lines": [], "start_line": 15}, "": {"executed_lines": [5, 6, 7, 9, 11, 12, 15, 18, 38, 115, 135, 260, 306, 308, 309, 310, 311, 312, 313, 314, 316, 317, 318, 319, 321, 324, 325, 326, 327, 329, 330, 331, 332, 334, 350, 351, 353, 359, 361, 363, 370, 372, 373, 375, 376, 377, 378, 380, 381, 382, 384, 387, 388, 389, 391, 392, 393, 395, 397, 400, 402, 404, 412, 413], "summary": {"covered_lines": 64, "num_statements": 89, "percent_covered": 71.91011235955057, "percent_covered_display": "72", "missing_lines": 25, "excluded_lines": 0, "percent_statements_covered": 71.91011235955057, "percent_statements_covered_display": "72"}, "missing_lines": [322, 335, 336, 337, 338, 339, 341, 342, 343, 345, 346, 348, 354, 355, 356, 357, 365, 366, 367, 385, 396, 398, 406, 407, 408], "excluded_lines": [], "start_line": 1}}}, "api/games.py": {"executed_lines": [5, 6, 7, 9, 11, 14, 17, 26, 27, 28, 30, 31, 32, 33, 35, 37, 39, 40, 41, 43, 44, 45, 46, 48, 50, 51, 52, 58, 60, 61, 66, 76, 79, 80, 83, 84, 85, 86, 87, 97, 98, 99, 100, 102, 103, 104, 105, 106, 108, 109, 110, 111, 113, 114, 117, 121, 123, 124, 125, 127, 128, 129, 130, 132, 134, 135, 137, 139, 144, 145, 146, 147, 149, 154, 155, 156, 158, 159, 160, 162, 163, 164, 174, 177, 178, 179, 181, 182, 183, 185, 186, 188, 190, 196, 199, 203, 205, 206, 207, 208, 209, 210, 212, 216, 218, 219, 220, 221, 222, 223, 225, 231, 232, 235, 238, 239, 241, 242, 244], "summary": {"covered_lines": 119, "num_statements": 141, "percent_covered": 84.39716312056737, "percent_covered_display": "84", "missing_lines": 22, "excluded_lines": 0, "percent_statements_covered": 84.39716312056737, "percent_statements_covered_display": "84"}, "missing_lines": [29, 53, 54, 55, 56, 62, 77, 115, 118, 119, 140, 150, 175, 197, 200, 201, 213, 214, 226, 227, 236, 245], "excluded_lines": [], "functions": {"GamesHandler.route_request": {"executed_lines": [26, 27, 28, 30, 31, 32, 33, 35], "summary": {"covered_lines": 8, "num_statements": 9, "percent_covered": 88.88888888888889, "percent_covered_display": "89", "missing_lines": 1, "excluded_lines": 0, "percent_statements_covered": 88.88888888888889, "percent_statements_covered_display": "89"}, "missing_lines": [29], "excluded_lines": [], "start_line": 17}, "GamesHandler.get_games": {"executed_lines": [39, 40, 41, 43, 44, 45, 46, 48, 50, 51, 52, 58, 60, 61, 66, 76, 79, 80, 83, 84, 85, 86, 87, 97, 98, 99, 100, 102, 103, 104, 105, 106, 108, 109, 110, 111, 113, 114, 117], "summary": {"covered_lines": 39, "num_statements": 48, "percent_covered": 81.25, "percent_covered_display": "81", "missing_lines": 9, "excluded_lines": 0, "percent_statements_covered": 81.25, "percent_statements_covered_display": "81"}, "missing_lines": [53, 54, 55, 56, 62, 77, 115, 118, 119], "excluded_lines": [], "start_line": 37}, "GamesHandler.get_player_props": {"executed_lines": [123, 124, 125, 127, 128, 129, 130, 132, 134, 135, 137, 139, 144, 145, 146, 147, 149, 154, 155, 156, 158, 159, 160, 162, 163, 164, 174, 177, 178, 179, 181, 182, 183, 185, 186, 188, 190, 196, 199], "summary": {"covered_lines": 39, "num_statements": 45, "percent_covered": 86.66666666666667, "percent_covered_display": "87", "missing_lines": 6, "excluded_lines": 0, "percent_statements_covered": 86.66666666666667, "percent_statements_covered_display": "87"}, "missing_lines": [140, 150, 175, 197, 200, 201], "excluded_lines": [], "start_line": 121}, "GamesHandler.get_sports": {"executed_lines": [205, 206, 207, 208, 209, 210, 212], "summary": {"covered_lines": 7, "num_statements": 9, "percent_covered": 77.77777777777777, "percent_covered_display": "78", "missing_lines": 2, "excluded_lines": 0, "percent_statements_covered": 77.77777777777777, "percent_statements_covered_display": "78"}, "missing_lines": [213, 214], "excluded_lines": [], "start_line": 203}, "GamesHandler.get_bookmakers": {"executed_lines": [218, 219, 220, 221, 222, 223, 225], "summary": {"covered_lines": 7, "num_statements": 9, "percent_covered": 77.77777777777777, "percent_covered_display": "78", "missing_lines": 2, "excluded_lines": 0, "percent_statements_covered": 77.77777777777777, "percent_statements_covered_display": "78"}, "missing_lines": [226, 227], "excluded_lines": [], "start_line": 216}, "handle_get_games": {"executed_lines": [], "summary": {"covered_lines": 0, "num_statements": 1, "percent_covered": 0.0, "percent_covered_display": "0", "missing_lines": 1, "excluded_lines": 0, "percent_statements_covered": 0.0, "percent_statements_covered_display": "0"}, "missing_lines": [236], "excluded_lines": [], "start_line": 235}, "handle_get_sports": {"executed_lines": [239], "summary": {"covered_lines": 1, "num_statements": 1, "percent_covered": 100.0, "percent_covered_display": "100", "missing_lines": 0, "excluded_lines": 0, "percent_statements_covered": 100.0, "percent_statements_covered_display": "100"}, "missing_lines": [], "excluded_lines": [], "start_line": 238}, "handle_get_bookmakers": {"executed_lines": [242], "summary": {"covered_lines": 1, "num_statements": 1, "percent_covered": 100.0, "percent_covered_display": "100", "missing_lines": 0, "excluded_lines": 0, "percent_statements_covered": 100.0, "percent_statements_covered_display": "100"}, "missing_lines": [], "excluded_lines": [], "start_line": 241}, "handle_get_player_props": {"executed_lines": [], "summary": {"covered_lines": 0, "num_statements": 1, "percent_covered": 0.0, "percent_covered_display": "0", "missing_lines": 1, "excluded_lines": 0, "percent_statements_covered": 0.0, "percent_statements_covered_display": "0"}, "missing_lines": [245], "excluded_lines": [], "start_line": 244}, "": {"executed_lines": [5, 6, 7, 9, 11, 14, 17, 37, 121, 203, 216, 231, 232, 235, 238, 241, 244], "summary": {"covered_lines": 17, "num_statements": 17, "percent_covered": 100.0, "percent_covered_display": "100", "missing_lines": 0, "excluded_lines": 0, "percent_statements_covered": 100.0, "percent_statements_covered_display": "100"}, "missing_lines": [], "excluded_lines": [], "start_line": 1}}, "classes": {"GamesHandler": {"executed_lines": [26, 27, 28, 30, 31, 32, 33, 35, 39, 40, 41, 43, 44, 45, 46, 48, 50, 51, 52, 58, 60, 61, 66, 76, 79, 80, 83, 84, 85, 86, 87, 97, 98, 99, 100, 102, 103, 104, 105, 106, 108, 109, 110, 111, 113, 114, 117, 123, 124, 125, 127, 128, 129, 130, 132, 134, 135, 137, 139, 144, 145, 146, 147, 149, 154, 155, 156, 158, 159, 160, 162, 163, 164, 174, 177, 178, 179, 181, 182, 183, 185, 186, 188, 190, 196, 199, 205, 206, 207, 208, 209, 210, 212, 218, 219, 220, 221, 222, 223, 225], "summary": {"covered_lines": 100, "num_statements": 120, "percent_covered": 83.33333333333333, "percent_covered_display": "83", "missing_lines": 20, "excluded_lines": 0, "percent_statements_covered": 83.33333333333333, "percent_statements_covered_display": "83"}, "missing_lines": [29, 53, 54, 55, 56, 62, 77, 115, 118, 119, 140, 150, 175, 197, 200, 201, 213, 214, 226, 227], "excluded_lines": [], "start_line": 14}, "": {"executed_lines": [5, 6, 7, 9, 11, 14, 17, 37, 121, 203, 216, 231, 232, 235, 238, 239, 241, 242, 244], "summary": {"covered_lines": 19, "num_statements": 21, "percent_covered": 90.47619047619048, "percent_covered_display": "90", "missing_lines": 2, "excluded_lines": 0, "percent_statements_covered": 90.47619047619048, "percent_statements_covered_display": "90"}, "missing_lines": [236, 245], "excluded_lines": [], "start_line": 1}}}, "api/misc.py": {"executed_lines": [5, 6, 8, 11, 14, 23, 24, 32, 34, 42, 66, 78, 79, 82, 83, 85, 88], "summary": {"covered_lines": 17, "num_statements": 45, "percent_covered": 37.77777777777778, "percent_covered_display": "38", "missing_lines": 28, "excluded_lines": 0, "percent_statements_covered": 37.77777777777778, "percent_statements_covered_display": "38"}, "missing_lines": [25, 26, 27, 28, 30, 44, 45, 47, 48, 49, 50, 52, 53, 55, 57, 58, 60, 62, 63, 64, 68, 69, 71, 72, 73, 74, 86, 89], "excluded_lines": [], "functions": {"MiscHandler.route_request": {"executed_lines": [23, 24], "summary": {"covered_lines": 2, "num_statements": 7, "percent_covered": 28.571428571428573, "percent_covered_display": "29", "missing_lines": 5, "excluded_lines": 0, "percent_statements_covered": 28.571428571428573, "percent_statements_covered_display": "29"}, "missing_lines": [25, 26, 27, 28, 30], "excluded_lines": [], "start_line": 14}, "MiscHandler.get_health": {"executed_lines": [34], "summary": {"covered_lines": 1, "num_statements": 1, "percent_covered": 100.0, "percent_covered_display": "100", "missing_lines": 0, "excluded_lines": 0, "percent_statements_covered": 100.0, "percent_statements_covered_display": "100"}, "missing_lines": [], "excluded_lines": [], "start_line": 32}, "MiscHandler.log_compliance": {"executed_lines": [], "summary": {"covered_lines": 0, "num_statements": 15, "percent_covered": 0.0, "percent_covered_display": "0", "missing_lines": 15, "excluded_lines": 0, "percent_statements_covered": 0.0, "percent_statements_covered_display": "0"}, "missing_lines": [44, 45, 47, 48, 49, 50, 52, 53, 55, 57, 58, 60, 62, 63, 64], "excluded_lines": [], "start_line": 42}, "MiscHandler.get_benny_dashboard": {"executed_lines": [], "summary": {"covered_lines": 0, "num_statements": 6, "percent_covered": 0.0, "percent_covered_display": "0", "missing_lines": 6, "excluded_lines": 0, "percent_statements_covered": 0.0, "percent_statements_covered_display": "0"}, "missing_lines": [68, 69, 71, 72, 73, 74], "excluded_lines": [], "start_line": 66}, "handle_health": {"executed_lines": [83], "summary": {"covered_lines": 1, "num_statements": 1, "percent_covered": 100.0, "percent_covered_display": "100", "missing_lines": 0, "excluded_lines": 0, "percent_statements_covered": 100.0, "percent_statements_covered_display": "100"}, "missing_lines": [], "excluded_lines": [], "start_line": 82}, "handle_get_benny_dashboard": {"executed_lines": [], "summary": {"covered_lines": 0, "num_statements": 1, "percent_covered": 0.0, "percent_covered_display": "0", "missing_lines": 1, "excluded_lines": 0, "percent_statements_covered": 0.0, "percent_statements_covered_display": "0"}, "missing_lines": [86], "excluded_lines": [], "start_line": 85}, "handle_compliance_log": {"executed_lines": [], "summary": {"covered_lines": 0, "num_statements": 1, "percent_covered": 0.0, "percent_covered_display": "0", "missing_lines": 1, "excluded_lines": 0, "percent_statements_covered": 0.0, "percent_statements_covered_display": "0"}, "missing_lines": [89], "excluded_lines": [], "start_line": 88}, "": {"executed_lines": [5, 6, 8, 11, 14, 32, 42, 66, 78, 79, 82, 85, 88], "summary": {"covered_lines": 13, "num_statements": 13, "percent_covered": 100.0, "percent_covered_display": "100", "missing_lines": 0, "excluded_lines": 0, "percent_statements_covered": 100.0, "percent_statements_covered_display": "100"}, "missing_lines": [], "excluded_lines": [], "start_line": 1}}, "classes": {"MiscHandler": {"executed_lines": [23, 24, 34], "summary": {"covered_lines": 3, "num_statements": 29, "percent_covered": 10.344827586206897, "percent_covered_display": "10", "missing_lines": 26, "excluded_lines": 0, "percent_statements_covered": 10.344827586206897, "percent_statements_covered_display": "10"}, "missing_lines": [25, 26, 27, 28, 30, 44, 45, 47, 48, 49, 50, 52, 53, 55, 57, 58, 60, 62, 63, 64, 68, 69, 71, 72, 73, 74], "excluded_lines": [], "start_line": 11}, "": {"executed_lines": [5, 6, 8, 11, 14, 32, 42, 66, 78, 79, 82, 83, 85, 88], "summary": {"covered_lines": 14, "num_statements": 16, "percent_covered": 87.5, "percent_covered_display": "88", "missing_lines": 2, "excluded_lines": 0, "percent_statements_covered": 87.5, "percent_statements_covered_display": "88"}, "missing_lines": [86, 89], "excluded_lines": [], "start_line": 1}}}, "api/user.py": {"executed_lines": [5, 6, 7, 9, 11, 13, 14, 15, 18, 68, 70, 71, 72, 75, 77, 80, 81, 95, 127], "summary": {"covered_lines": 19, "num_statements": 76, "percent_covered": 25.0, "percent_covered_display": "25", "missing_lines": 57, "excluded_lines": 0, "percent_statements_covered": 25.0, "percent_statements_covered_display": "25"}, "missing_lines": [20, 21, 22, 23, 25, 26, 29, 30, 33, 34, 36, 37, 39, 40, 41, 42, 44, 45, 47, 48, 49, 50, 52, 64, 65, 73, 78, 91, 92, 97, 98, 99, 100, 102, 105, 107, 108, 109, 110, 112, 120, 122, 123, 124, 129, 130, 131, 133, 134, 136, 137, 139, 142, 145, 147, 150, 151], "excluded_lines": [], "functions": {"handle_get_subscription": {"executed_lines": [], "summary": {"covered_lines": 0, "num_statements": 25, "percent_covered": 0.0, "percent_covered_display": "0", "missing_lines": 25, "excluded_lines": 0, "percent_statements_covered": 0.0, "percent_statements_covered_display": "0"}, "missing_lines": [20, 21, 22, 23, 25, 26, 29, 30, 33, 34, 36, 37, 39, 40, 41, 42, 44, 45, 47, 48, 49, 50, 52, 64, 65], "excluded_lines": [], "start_line": 18}, "handle_get_profile": {"executed_lines": [70, 71, 72, 75, 77, 80, 81], "summary": {"covered_lines": 7, "num_statements": 11, "percent_covered": 63.63636363636363, "percent_covered_display": "64", "missing_lines": 4, "excluded_lines": 0, "percent_statements_covered": 63.63636363636363, "percent_statements_covered_display": "64"}, "missing_lines": [73, 78, 91, 92], "excluded_lines": [], "start_line": 68}, "handle_update_profile": {"executed_lines": [], "summary": {"covered_lines": 0, "num_statements": 15, "percent_covered": 0.0, "percent_covered_display": "0", "missing_lines": 15, "excluded_lines": 0, "percent_statements_covered": 0.0, "percent_statements_covered_display": "0"}, "missing_lines": [97, 98, 99, 100, 102, 105, 107, 108, 109, 110, 112, 120, 122, 123, 124], "excluded_lines": [], "start_line": 95}, "handle_upgrade_subscription": {"executed_lines": [], "summary": {"covered_lines": 0, "num_statements": 13, "percent_covered": 0.0, "percent_covered_display": "0", "missing_lines": 13, "excluded_lines": 0, "percent_statements_covered": 0.0, "percent_statements_covered_display": "0"}, "missing_lines": [129, 130, 131, 133, 134, 136, 137, 139, 142, 145, 147, 150, 151], "excluded_lines": [], "start_line": 127}, "": {"executed_lines": [5, 6, 7, 9, 11, 13, 14, 15, 18, 68, 95, 127], "summary": {"covered_lines": 12, "num_statements": 12, "percent_covered": 100.0, "percent_covered_display": "100", "missing_lines": 0, "excluded_lines": 0, "percent_statements_covered": 100.0, "percent_statements_covered_display": "100"}, "missing_lines": [], "excluded_lines": [], "start_line": 1}}, "classes": {"": {"executed_lines": [5, 6, 7, 9, 11, 13, 14, 15, 18, 68, 70, 71, 72, 75, 77, 80, 81, 95, 127], "summary": {"covered_lines": 19, "num_statements": 76, "percent_covered": 25.0, "percent_covered_display": "25", "missing_lines": 57, "excluded_lines": 0, "percent_statements_covered": 25.0, "percent_statements_covered_display": "25"}, "missing_lines": [20, 21, 22, 23, 25, 26, 29, 30, 33, 34, 36, 37, 39, 40, 41, 42, 44, 45, 47, 48, 49, 50, 52, 64, 65, 73, 78, 91, 92, 97, 98, 99, 100, 102, 105, 107, 108, 109, 110, 112, 120, 122, 123, 124, 129, 130, 131, 133, 134, 136, 137, 139, 142, 145, 147, 150, 151], "excluded_lines": [], "start_line": 1}}}, "api/user_data.py": {"executed_lines": [5, 6, 7, 8, 9, 10, 12, 14, 15, 16, 17, 20, 23, 33, 34, 35, 36, 37, 39, 40, 41, 42, 43, 44, 45, 47, 48, 49, 50, 51, 52, 54, 55, 56, 58, 59, 60, 61, 62, 63, 64, 66, 69, 71, 73, 74, 75, 77, 78, 79, 81, 82, 86, 88, 89, 91, 92, 95, 96, 99, 100, 101, 104, 105, 106, 107, 109, 110, 111, 113, 124, 126, 130, 132, 133, 134, 137, 138, 139, 141, 145, 147, 148, 150, 151, 154, 155, 158, 159, 160, 162, 168, 170, 172, 175, 177, 181, 183, 184, 185, 188, 189, 192, 193, 197, 220, 230, 247, 249, 250, 251, 255, 289, 291, 293, 294, 297, 298, 299, 301, 303, 318, 320, 322, 323, 324, 327, 329, 330, 331, 333, 334, 335, 336, 377, 379, 381, 382, 385, 386, 387, 401, 402, 405, 406, 408, 409, 411, 412, 414, 415, 417, 418, 420, 421, 423, 426, 427, 429, 430, 432, 433], "summary": {"covered_lines": 162, "num_statements": 272, "percent_covered": 59.55882352941177, "percent_covered_display": "60", "missing_lines": 110, "excluded_lines": 0, "percent_statements_covered": 59.55882352941177, "percent_statements_covered_display": "60"}, "missing_lines": [38, 46, 83, 84, 93, 97, 102, 127, 128, 135, 142, 143, 152, 156, 161, 163, 164, 165, 166, 167, 169, 171, 173, 178, 179, 186, 190, 194, 195, 199, 200, 202, 203, 204, 206, 207, 209, 210, 211, 213, 214, 216, 217, 218, 222, 223, 225, 226, 227, 228, 232, 233, 235, 236, 237, 239, 240, 241, 243, 244, 245, 252, 253, 257, 258, 259, 260, 262, 264, 265, 266, 267, 268, 284, 285, 286, 295, 315, 316, 325, 338, 339, 340, 341, 343, 344, 346, 347, 348, 350, 352, 353, 354, 356, 367, 368, 369, 371, 373, 374, 375, 383, 389, 390, 391, 393, 395, 396, 397, 424], "excluded_lines": [], "functions": {"UserDataHandler.route_request": {"executed_lines": [33, 34, 35, 36, 37, 39, 40, 41, 42, 43, 44, 45, 47, 48, 49, 50, 51, 52, 54, 55, 56, 58, 59, 60, 61, 62, 63, 64, 66], "summary": {"covered_lines": 29, "num_statements": 31, "percent_covered": 93.54838709677419, "percent_covered_display": "94", "missing_lines": 2, "excluded_lines": 0, "percent_statements_covered": 93.54838709677419, "percent_statements_covered_display": "94"}, "missing_lines": [38, 46], "excluded_lines": [], "start_line": 23}, "UserDataHandler.list_user_models": {"executed_lines": [71, 73, 74, 75, 77, 78, 79, 81, 82], "summary": {"covered_lines": 9, "num_statements": 11, "percent_covered": 81.81818181818181, "percent_covered_display": "82", "missing_lines": 2, "excluded_lines": 0, "percent_statements_covered": 81.81818181818181, "percent_statements_covered_display": "82"}, "missing_lines": [83, 84], "excluded_lines": [], "start_line": 69}, "UserDataHandler.create_user_model": {"executed_lines": [88, 89, 91, 92, 95, 96, 99, 100, 101, 104, 105, 106, 107, 109, 110, 111, 113, 124, 126], "summary": {"covered_lines": 19, "num_statements": 24, "percent_covered": 79.16666666666667, "percent_covered_display": "79", "missing_lines": 5, "excluded_lines": 0, "percent_statements_covered": 79.16666666666667, "percent_statements_covered_display": "79"}, "missing_lines": [93, 97, 102, 127, 128], "excluded_lines": [], "start_line": 86}, "UserDataHandler.get_user_model": {"executed_lines": [132, 133, 134, 137, 138, 139, 141], "summary": {"covered_lines": 7, "num_statements": 10, "percent_covered": 70.0, "percent_covered_display": "70", "missing_lines": 3, "excluded_lines": 0, "percent_statements_covered": 70.0, "percent_statements_covered_display": "70"}, "missing_lines": [135, 142, 143], "excluded_lines": [], "start_line": 130}, "UserDataHandler.update_user_model": {"executed_lines": [147, 148, 150, 151, 154, 155, 158, 159, 160, 162, 168, 170, 172, 175, 177], "summary": {"covered_lines": 15, "num_statements": 28, "percent_covered": 53.57142857142857, "percent_covered_display": "54", "missing_lines": 13, "excluded_lines": 0, "percent_statements_covered": 53.57142857142857, "percent_statements_covered_display": "54"}, "missing_lines": [152, 156, 161, 163, 164, 165, 166, 167, 169, 171, 173, 178, 179], "excluded_lines": [], "start_line": 145}, "UserDataHandler.delete_user_model": {"executed_lines": [183, 184, 185, 188, 189, 192, 193], "summary": {"covered_lines": 7, "num_statements": 11, "percent_covered": 63.63636363636363, "percent_covered_display": "64", "missing_lines": 4, "excluded_lines": 0, "percent_statements_covered": 63.63636363636363, "percent_statements_covered_display": "64"}, "missing_lines": [186, 190, 194, 195], "excluded_lines": [], "start_line": 181}, "UserDataHandler.create_backtest": {"executed_lines": [], "summary": {"covered_lines": 0, "num_statements": 15, "percent_covered": 0.0, "percent_covered_display": "0", "missing_lines": 15, "excluded_lines": 0, "percent_statements_covered": 0.0, "percent_statements_covered_display": "0"}, "missing_lines": [199, 200, 202, 203, 204, 206, 207, 209, 210, 211, 213, 214, 216, 217, 218], "excluded_lines": [], "start_line": 197}, "UserDataHandler.list_backtests": {"executed_lines": [], "summary": {"covered_lines": 0, "num_statements": 6, "percent_covered": 0.0, "percent_covered_display": "0", "missing_lines": 6, "excluded_lines": 0, "percent_statements_covered": 0.0, "percent_statements_covered_display": "0"}, "missing_lines": [222, 223, 225, 226, 227, 228], "excluded_lines": [], "start_line": 220}, "UserDataHandler.get_backtest": {"executed_lines": [], "summary": {"covered_lines": 0, "num_statements": 11, "percent_covered": 0.0, "percent_covered_display": "0", "missing_lines": 11, "excluded_lines": 0, "percent_statements_covered": 0.0, "percent_statements_covered_display": "0"}, "missing_lines": [232, 233, 235, 236, 237, 239, 240, 241, 243, 244, 245], "excluded_lines": [], "start_line": 230}, "UserDataHandler.get_user_model_performance": {"executed_lines": [249, 250, 251], "summary": {"covered_lines": 3, "num_statements": 5, "percent_covered": 60.0, "percent_covered_display": "60", "missing_lines": 2, "excluded_lines": 0, "percent_statements_covered": 60.0, "percent_statements_covered_display": "60"}, "missing_lines": [252, 253], "excluded_lines": [], "start_line": 247}, "UserDataHandler.get_user_model_predictions": {"executed_lines": [], "summary": {"covered_lines": 0, "num_statements": 13, "percent_covered": 0.0, "percent_covered_display": "0", "missing_lines": 13, "excluded_lines": 0, "percent_statements_covered": 0.0, "percent_statements_covered_display": "0"}, "missing_lines": [257, 258, 259, 260, 262, 264, 265, 266, 267, 268, 284, 285, 286], "excluded_lines": [], "start_line": 255}, "UserDataHandler.list_custom_data": {"executed_lines": [291, 293, 294, 297, 298, 299, 301, 303], "summary": {"covered_lines": 8, "num_statements": 11, "percent_covered": 72.72727272727273, "percent_covered_display": "73", "missing_lines": 3, "excluded_lines": 0, "percent_statements_covered": 72.72727272727273, "percent_statements_covered_display": "73"}, "missing_lines": [295, 315, 316], "excluded_lines": [], "start_line": 289}, "UserDataHandler.upload_custom_data": {"executed_lines": [320, 322, 323, 324, 327, 329, 330, 331, 333, 334, 335, 336], "summary": {"covered_lines": 12, "num_statements": 34, "percent_covered": 35.294117647058826, "percent_covered_display": "35", "missing_lines": 22, "excluded_lines": 0, "percent_statements_covered": 35.294117647058826, "percent_statements_covered_display": "35"}, "missing_lines": [325, 338, 339, 340, 341, 343, 344, 346, 347, 348, 350, 352, 353, 354, 356, 367, 368, 369, 371, 373, 374, 375], "excluded_lines": [], "start_line": 318}, "UserDataHandler.delete_custom_data": {"executed_lines": [379, 381, 382, 385, 386, 387], "summary": {"covered_lines": 6, "num_statements": 14, "percent_covered": 42.857142857142854, "percent_covered_display": "43", "missing_lines": 8, "excluded_lines": 0, "percent_statements_covered": 42.857142857142854, "percent_statements_covered_display": "43"}, "missing_lines": [383, 389, 390, 391, 393, 395, 396, 397], "excluded_lines": [], "start_line": 377}, "handle_list_user_models": {"executed_lines": [406], "summary": {"covered_lines": 1, "num_statements": 1, "percent_covered": 100.0, "percent_covered_display": "100", "missing_lines": 0, "excluded_lines": 0, "percent_statements_covered": 100.0, "percent_statements_covered_display": "100"}, "missing_lines": [], "excluded_lines": [], "start_line": 405}, "handle_create_user_model": {"executed_lines": [409], "summary": {"covered_lines": 1, "num_statements": 1, "percent_covered": 100.0, "percent_covered_display": "100", "missing_lines": 0, "excluded_lines": 0, "percent_statements_covered": 100.0, "percent_statements_covered_display": "100"}, "missing_lines": [], "excluded_lines": [], "start_line": 408}, "handle_get_user_model": {"executed_lines": [412], "summary": {"covered_lines": 1, "num_statements": 1, "percent_covered": 100.0, "percent_covered_display": "100", "missing_lines": 0, "excluded_lines": 0, "percent_statements_covered": 100.0, "percent_statements_covered_display": "100"}, "missing_lines": [], "excluded_lines": [], "start_line": 411}, "handle_update_user_model": {"executed_lines": [415], "summary": {"covered_lines": 1, "num_statements": 1, "percent_covered": 100.0, "percent_covered_display": "100", "missing_lines": 0, "excluded_lines": 0, "percent_statements_covered": 100.0, "percent_statements_covered_display": "100"}, "missing_lines": [], "excluded_lines": [], "start_line": 414}, "handle_delete_user_model": {"executed_lines": [418], "summary": {"covered_lines": 1, "num_statements": 1, "percent_covered": 100.0, "percent_covered_display": "100", "missing_lines": 0, "excluded_lines": 0, "percent_statements_covered": 100.0, "percent_statements_covered_display": "100"}, "missing_lines": [], "excluded_lines": [], "start_line": 417}, "handle_get_user_model_performance": {"executed_lines": [421], "summary": {"covered_lines": 1, "num_statements": 1, "percent_covered": 100.0, "percent_covered_display": "100", "missing_lines": 0, "excluded_lines": 0, "percent_statements_covered": 100.0, "percent_statements_covered_display": "100"}, "missing_lines": [], "excluded_lines": [], "start_line": 420}, "handle_get_user_model_predictions": {"executed_lines": [], "summary": {"covered_lines": 0, "num_statements": 1, "percent_covered": 0.0, "percent_covered_display": "0", "missing_lines": 1, "excluded_lines": 0, "percent_statements_covered": 0.0, "percent_statements_covered_display": "0"}, "missing_lines": [424], "excluded_lines": [], "start_line": 423}, "handle_list_custom_data": {"executed_lines": [427], "summary": {"covered_lines": 1, "num_statements": 1, "percent_covered": 100.0, "percent_covered_display": "100", "missing_lines": 0, "excluded_lines": 0, "percent_statements_covered": 100.0, "percent_statements_covered_display": "100"}, "missing_lines": [], "excluded_lines": [], "start_line": 426}, "handle_upload_custom_data": {"executed_lines": [430], "summary": {"covered_lines": 1, "num_statements": 1, "percent_covered": 100.0, "percent_covered_display": "100", "missing_lines": 0, "excluded_lines": 0, "percent_statements_covered": 100.0, "percent_statements_covered_display": "100"}, "missing_lines": [], "excluded_lines": [], "start_line": 429}, "handle_delete_custom_data": {"executed_lines": [433], "summary": {"covered_lines": 1, "num_statements": 1, "percent_covered": 100.0, "percent_covered_display": "100", "missing_lines": 0, "excluded_lines": 0, "percent_statements_covered": 100.0, "percent_statements_covered_display": "100"}, "missing_lines": [], "excluded_lines": [], "start_line": 432}, "": {"executed_lines": [5, 6, 7, 8, 9, 10, 12, 14, 15, 16, 17, 20, 23, 69, 86, 130, 145, 181, 197, 220, 230, 247, 255, 289, 318, 377, 401, 402, 405, 408, 411, 414, 417, 420, 423, 426, 429, 432], "summary": {"covered_lines": 38, "num_statements": 38, "percent_covered": 100.0, "percent_covered_display": "100", "missing_lines": 0, "excluded_lines": 0, "percent_statements_covered": 100.0, "percent_statements_covered_display": "100"}, "missing_lines": [], "excluded_lines": [], "start_line": 1}}, "classes": {"UserDataHandler": {"executed_lines": [33, 34, 35, 36, 37, 39, 40, 41, 42, 43, 44, 45, 47, 48, 49, 50, 51, 52, 54, 55, 56, 58, 59, 60, 61, 62, 63, 64, 66, 71, 73, 74, 75, 77, 78, 79, 81, 82, 88, 89, 91, 92, 95, 96, 99, 100, 101, 104, 105, 106, 107, 109, 110, 111, 113, 124, 126, 132, 133, 134, 137, 138, 139, 141, 147, 148, 150, 151, 154, 155, 158, 159, 160, 162, 168, 170, 172, 175, 177, 183, 184, 185, 188, 189, 192, 193, 249, 250, 251, 291, 293, 294, 297, 298, 299, 301, 303, 320, 322, 323, 324, 327, 329, 330, 331, 333, 334, 335, 336, 379, 381, 382, 385, 386, 387], "summary": {"covered_lines": 115, "num_statements": 224, "percent_covered": 51.339285714285715, "percent_covered_display": "51", "missing_lines": 109, "excluded_lines": 0, "percent_statements_covered": 51.339285714285715, "percent_statements_covered_display": "51"}, "missing_lines": [38, 46, 83, 84, 93, 97, 102, 127, 128, 135, 142, 143, 152, 156, 161, 163, 164, 165, 166, 167, 169, 171, 173, 178, 179, 186, 190, 194, 195, 199, 200, 202, 203, 204, 206, 207, 209, 210, 211, 213, 214, 216, 217, 218, 222, 223, 225, 226, 227, 228, 232, 233, 235, 236, 237, 239, 240, 241, 243, 244, 245, 252, 253, 257, 258, 259, 260, 262, 264, 265, 266, 267, 268, 284, 285, 286, 295, 315, 316, 325, 338, 339, 340, 341, 343, 344, 346, 347, 348, 350, 352, 353, 354, 356, 367, 368, 369, 371, 373, 374, 375, 383, 389, 390, 391, 393, 395, 396, 397], "excluded_lines": [], "start_line": 20}, "": {"executed_lines": [5, 6, 7, 8, 9, 10, 12, 14, 15, 16, 17, 20, 23, 69, 86, 130, 145, 181, 197, 220, 230, 247, 255, 289, 318, 377, 401, 402, 405, 406, 408, 409, 411, 412, 414, 415, 417, 418, 420, 421, 423, 426, 427, 429, 430, 432, 433], "summary": {"covered_lines": 47, "num_statements": 48, "percent_covered": 97.91666666666667, "percent_covered_display": "98", "missing_lines": 1, "excluded_lines": 0, "percent_statements_covered": 97.91666666666667, "percent_statements_covered_display": "98"}, "missing_lines": [424], "excluded_lines": [], "start_line": 1}}}, "api/utils.py": {"executed_lines": [5, 6, 7, 8, 10, 13, 14, 15, 18, 21, 24, 26, 38, 40, 41, 42, 43, 44, 45, 46, 49, 80, 83, 84, 86, 88, 89, 91, 92, 93, 94, 96, 99, 103, 104, 111, 117, 131, 140, 151, 153, 155, 159], "summary": {"covered_lines": 43, "num_statements": 74, "percent_covered": 58.108108108108105, "percent_covered_display": "58", "missing_lines": 31, "excluded_lines": 0, "percent_statements_covered": 58.108108108108105, "percent_statements_covered_display": "58"}, "missing_lines": [22, 51, 52, 55, 56, 57, 59, 60, 63, 66, 67, 68, 69, 71, 73, 100, 105, 106, 107, 108, 113, 114, 115, 129, 133, 134, 138, 144, 145, 146, 149], "excluded_lines": [], "functions": {"create_response": {"executed_lines": [21, 24, 26], "summary": {"covered_lines": 3, "num_statements": 4, "percent_covered": 75.0, "percent_covered_display": "75", "missing_lines": 1, "excluded_lines": 0, "percent_statements_covered": 75.0, "percent_statements_covered_display": "75"}, "missing_lines": [22], "excluded_lines": [], "start_line": 18}, "decimal_to_float": {"executed_lines": [40, 41, 42, 43, 44, 45, 46], "summary": {"covered_lines": 7, "num_statements": 7, "percent_covered": 100.0, "percent_covered_display": "100", "missing_lines": 0, "excluded_lines": 0, "percent_statements_covered": 100.0, "percent_statements_covered_display": "100"}, "missing_lines": [], "excluded_lines": [], "start_line": 38}, "calculate_roi": {"executed_lines": [], "summary": {"covered_lines": 0, "num_statements": 14, "percent_covered": 0.0, "percent_covered_display": "0", "missing_lines": 14, "excluded_lines": 0, "percent_statements_covered": 0.0, "percent_statements_covered_display": "0"}, "missing_lines": [51, 52, 55, 56, 57, 59, 60, 63, 66, 67, 68, 69, 71, 73], "excluded_lines": [], "start_line": 49}, "BaseAPIHandler.__init__": {"executed_lines": [84], "summary": {"covered_lines": 1, "num_statements": 1, "percent_covered": 100.0, "percent_covered_display": "100", "missing_lines": 0, "excluded_lines": 0, "percent_statements_covered": 100.0, "percent_statements_covered_display": "100"}, "missing_lines": [], "excluded_lines": [], "start_line": 83}, "BaseAPIHandler.lambda_handler": {"executed_lines": [88, 89, 91, 92, 93, 94, 96, 99, 103, 104, 111], "summary": {"covered_lines": 11, "num_statements": 19, "percent_covered": 57.89473684210526, "percent_covered_display": "58", "missing_lines": 8, "excluded_lines": 0, "percent_statements_covered": 57.89473684210526, "percent_statements_covered_display": "58"}, "missing_lines": [100, 105, 106, 107, 108, 113, 114, 115], "excluded_lines": [], "start_line": 86}, "BaseAPIHandler.route_request": {"executed_lines": [], "summary": {"covered_lines": 0, "num_statements": 1, "percent_covered": 0.0, "percent_covered_display": "0", "missing_lines": 1, "excluded_lines": 0, "percent_statements_covered": 0.0, "percent_statements_covered_display": "0"}, "missing_lines": [129], "excluded_lines": [], "start_line": 117}, "BaseAPIHandler.handle_error": {"executed_lines": [], "summary": {"covered_lines": 0, "num_statements": 3, "percent_covered": 0.0, "percent_covered_display": "0", "missing_lines": 3, "excluded_lines": 0, "percent_statements_covered": 0.0, "percent_statements_covered_display": "0"}, "missing_lines": [133, 134, 138], "excluded_lines": [], "start_line": 131}, "BaseAPIHandler.validate_required_params": {"executed_lines": [], "summary": {"covered_lines": 0, "num_statements": 4, "percent_covered": 0.0, "percent_covered_display": "0", "missing_lines": 4, "excluded_lines": 0, "percent_statements_covered": 0.0, "percent_statements_covered_display": "0"}, "missing_lines": [144, 145, 146, 149], "excluded_lines": [], "start_line": 140}, "BaseAPIHandler.success_response": {"executed_lines": [153], "summary": {"covered_lines": 1, "num_statements": 1, "percent_covered": 100.0, "percent_covered_display": "100", "missing_lines": 0, "excluded_lines": 0, "percent_statements_covered": 100.0, "percent_statements_covered_display": "100"}, "missing_lines": [], "excluded_lines": [], "start_line": 151}, "BaseAPIHandler.error_response": {"executed_lines": [159], "summary": {"covered_lines": 1, "num_statements": 1, "percent_covered": 100.0, "percent_covered_display": "100", "missing_lines": 0, "excluded_lines": 0, "percent_statements_covered": 100.0, "percent_statements_covered_display": "100"}, "missing_lines": [], "excluded_lines": [], "start_line": 155}, "": {"executed_lines": [5, 6, 7, 8, 10, 13, 14, 15, 18, 38, 49, 80, 83, 86, 117, 131, 140, 151, 155], "summary": {"covered_lines": 19, "num_statements": 19, "percent_covered": 100.0, "percent_covered_display": "100", "missing_lines": 0, "excluded_lines": 0, "percent_statements_covered": 100.0, "percent_statements_covered_display": "100"}, "missing_lines": [], "excluded_lines": [], "start_line": 1}}, "classes": {"BaseAPIHandler": {"executed_lines": [84, 88, 89, 91, 92, 93, 94, 96, 99, 103, 104, 111, 153, 159], "summary": {"covered_lines": 14, "num_statements": 30, "percent_covered": 46.666666666666664, "percent_covered_display": "47", "missing_lines": 16, "excluded_lines": 0, "percent_statements_covered": 46.666666666666664, "percent_statements_covered_display": "47"}, "missing_lines": [100, 105, 106, 107, 108, 113, 114, 115, 129, 133, 134, 138, 144, 145, 146, 149], "excluded_lines": [], "start_line": 80}, "": {"executed_lines": [5, 6, 7, 8, 10, 13, 14, 15, 18, 21, 24, 26, 38, 40, 41, 42, 43, 44, 45, 46, 49, 80, 83, 86, 117, 131, 140, 151, 155], "summary": {"covered_lines": 29, "num_statements": 44, "percent_covered": 65.9090909090909, "percent_covered_display": "66", "missing_lines": 15, "excluded_lines": 0, "percent_statements_covered": 65.9090909090909, "percent_statements_covered_display": "66"}, "missing_lines": [22, 51, 52, 55, 56, 57, 59, 60, 63, 66, 67, 68, 69, 71, 73], "excluded_lines": [], "start_line": 1}}}, "api_handler.py": {"executed_lines": [1, 3, 4, 12, 23, 24, 25, 26, 29, 30, 33, 34, 35, 38, 40, 44], "summary": {"covered_lines": 16, "num_statements": 23, "percent_covered": 69.56521739130434, "percent_covered_display": "70", "missing_lines": 7, "excluded_lines": 0, "percent_statements_covered": 69.56521739130434, "percent_statements_covered_display": "70"}, "missing_lines": [36, 37, 39, 41, 42, 46, 47], "excluded_lines": [], "functions": {"lambda_handler": {"executed_lines": [23, 24, 25, 26, 29, 30, 33, 34, 35, 38, 40, 44], "summary": {"covered_lines": 12, "num_statements": 19, "percent_covered": 63.1578947368421, "percent_covered_display": "63", "missing_lines": 7, "excluded_lines": 0, "percent_statements_covered": 63.1578947368421, "percent_statements_covered_display": "63"}, "missing_lines": [36, 37, 39, 41, 42, 46, 47], "excluded_lines": [], "start_line": 12}, "": {"executed_lines": [1, 3, 4, 12], "summary": {"covered_lines": 4, "num_statements": 4, "percent_covered": 100.0, "percent_covered_display": "100", "missing_lines": 0, "excluded_lines": 0, "percent_statements_covered": 100.0, "percent_statements_covered_display": "100"}, "missing_lines": [], "excluded_lines": [], "start_line": 1}}, "classes": {"": {"executed_lines": [1, 3, 4, 12, 23, 24, 25, 26, 29, 30, 33, 34, 35, 38, 40, 44], "summary": {"covered_lines": 16, "num_statements": 23, "percent_covered": 69.56521739130434, "percent_covered_display": "70", "missing_lines": 7, "excluded_lines": 0, "percent_statements_covered": 69.56521739130434, "percent_statements_covered_display": "70"}, "missing_lines": [36, 37, 39, 41, 42, 46, 47], "excluded_lines": [], "start_line": 1}}}, "api_middleware.py": {"executed_lines": [5, 6, 9, 11, 12, 16, 19, 21, 23, 24, 25, 26, 30, 31, 38], "summary": {"covered_lines": 15, "num_statements": 17, "percent_covered": 88.23529411764706, "percent_covered_display": "88", "missing_lines": 2, "excluded_lines": 0, "percent_statements_covered": 88.23529411764706, "percent_statements_covered_display": "88"}, "missing_lines": [32, 33], "excluded_lines": [], "functions": {"check_feature_access": {"executed_lines": [11, 12, 16], "summary": {"covered_lines": 3, "num_statements": 3, "percent_covered": 100.0, "percent_covered_display": "100", "missing_lines": 0, "excluded_lines": 0, "percent_statements_covered": 100.0, "percent_statements_covered_display": "100"}, "missing_lines": [], "excluded_lines": [], "start_line": 9}, "check_resource_limit": {"executed_lines": [21, 23, 24, 25, 26, 30, 31, 38], "summary": {"covered_lines": 8, "num_statements": 10, "percent_covered": 80.0, "percent_covered_display": "80", "missing_lines": 2, "excluded_lines": 0, "percent_statements_covered": 80.0, "percent_statements_covered_display": "80"}, "missing_lines": [32, 33], "excluded_lines": [], "start_line": 19}, "": {"executed_lines": [5, 6, 9, 19], "summary": {"covered_lines": 4, "num_statements": 4, "percent_covered": 100.0, "percent_covered_display": "100", "missing_lines": 0, "excluded_lines": 0, "percent_statements_covered": 100.0, "percent_statements_covered_display": "100"}, "missing_lines": [], "excluded_lines": [], "start_line": 1}}, "classes": {"": {"executed_lines": [5, 6, 9, 11, 12, 16, 19, 21, 23, 24, 25, 26, 30, 31, 38], "summary": {"covered_lines": 15, "num_statements": 17, "percent_covered": 88.23529411764706, "percent_covered_display": "88", "missing_lines": 2, "excluded_lines": 0, "percent_statements_covered": 88.23529411764706, "percent_statements_covered_display": "88"}, "missing_lines": [32, 33], "excluded_lines": [], "start_line": 1}}}, "backfill_historical_odds.py": {"executed_lines": [], "summary": {"covered_lines": 0, "num_statements": 172, "percent_covered": 0.0, "percent_covered_display": "0", "missing_lines": 172, "excluded_lines": 0, "percent_statements_covered": 0.0, "percent_statements_covered_display": "0"}, "missing_lines": [12, 13, 14, 15, 16, 17, 18, 20, 21, 24, 33, 34, 37, 38, 39, 40, 41, 44, 45, 46, 48, 49, 50, 52, 54, 55, 56, 57, 59, 60, 63, 64, 68, 69, 71, 72, 73, 75, 76, 77, 79, 81, 84, 86, 87, 90, 93, 94, 96, 98, 99, 107, 108, 110, 111, 112, 113, 114, 115, 117, 118, 120, 122, 123, 124, 125, 128, 129, 131, 132, 134, 153, 154, 155, 156, 158, 160, 162, 170, 171, 172, 174, 177, 178, 179, 181, 182, 183, 185, 187, 188, 189, 191, 192, 194, 195, 199, 201, 202, 203, 205, 206, 208, 209, 212, 213, 214, 215, 217, 218, 219, 221, 222, 223, 225, 226, 228, 229, 232, 233, 234, 238, 239, 242, 258, 259, 260, 261, 262, 264, 266, 267, 269, 271, 273, 274, 276, 278, 279, 281, 282, 283, 284, 285, 286, 288, 290, 291, 293, 295, 296, 297, 298, 299, 300, 301, 302, 303, 306, 307, 308, 314, 319, 325, 331, 334, 335, 337, 340, 341, 344, 345], "excluded_lines": [], "functions": {"HistoricalOddsBackfill.__init__": {"executed_lines": [], "summary": {"covered_lines": 0, "num_statements": 9, "percent_covered": 0.0, "percent_covered_display": "0", "missing_lines": 9, "excluded_lines": 0, "percent_statements_covered": 0.0, "percent_statements_covered_display": "0"}, "missing_lines": [39, 40, 41, 44, 45, 46, 48, 49, 50], "excluded_lines": [], "start_line": 38}, "HistoricalOddsBackfill.backfill_sport": {"executed_lines": [], "summary": {"covered_lines": 0, "num_statements": 24, "percent_covered": 0.0, "percent_covered_display": "0", "missing_lines": 24, "excluded_lines": 0, "percent_statements_covered": 0.0, "percent_statements_covered_display": "0"}, "missing_lines": [54, 55, 56, 57, 59, 60, 63, 64, 68, 69, 71, 72, 73, 75, 76, 77, 79, 81, 84, 86, 87, 90, 93, 94], "excluded_lines": [], "start_line": 52}, "HistoricalOddsBackfill._fetch_historical_odds": {"executed_lines": [], "summary": {"covered_lines": 0, "num_statements": 12, "percent_covered": 0.0, "percent_covered_display": "0", "missing_lines": 12, "excluded_lines": 0, "percent_statements_covered": 0.0, "percent_statements_covered_display": "0"}, "missing_lines": [98, 99, 107, 108, 110, 111, 112, 113, 114, 115, 117, 118], "excluded_lines": [], "start_line": 96}, "HistoricalOddsBackfill._store_game": {"executed_lines": [], "summary": {"covered_lines": 0, "num_statements": 13, "percent_covered": 0.0, "percent_covered_display": "0", "missing_lines": 13, "excluded_lines": 0, "percent_statements_covered": 0.0, "percent_statements_covered_display": "0"}, "missing_lines": [122, 123, 124, 125, 128, 129, 131, 132, 134, 153, 154, 155, 156], "excluded_lines": [], "start_line": 120}, "HistoricalOddsBackfill._backfill_outcomes": {"executed_lines": [], "summary": {"covered_lines": 0, "num_statements": 60, "percent_covered": 0.0, "percent_covered_display": "0", "missing_lines": 60, "excluded_lines": 0, "percent_statements_covered": 0.0, "percent_statements_covered_display": "0"}, "missing_lines": [160, 162, 170, 171, 172, 174, 177, 178, 179, 181, 182, 183, 185, 187, 188, 189, 191, 192, 194, 195, 199, 201, 202, 203, 205, 206, 208, 209, 212, 213, 214, 215, 217, 218, 219, 221, 222, 223, 225, 226, 228, 229, 232, 233, 234, 238, 239, 242, 258, 259, 260, 261, 262, 264, 266, 267, 269, 271, 273, 274], "excluded_lines": [], "start_line": 158}, "HistoricalOddsBackfill.run": {"executed_lines": [], "summary": {"covered_lines": 0, "num_statements": 21, "percent_covered": 0.0, "percent_covered_display": "0", "missing_lines": 21, "excluded_lines": 0, "percent_statements_covered": 0.0, "percent_statements_covered_display": "0"}, "missing_lines": [278, 279, 281, 282, 283, 284, 285, 286, 288, 290, 291, 293, 295, 296, 297, 298, 299, 300, 301, 302, 303], "excluded_lines": [], "start_line": 276}, "main": {"executed_lines": [], "summary": {"covered_lines": 0, "num_statements": 11, "percent_covered": 0.0, "percent_covered_display": "0", "missing_lines": 11, "excluded_lines": 0, "percent_statements_covered": 0.0, "percent_statements_covered_display": "0"}, "missing_lines": [307, 308, 314, 319, 325, 331, 334, 335, 337, 340, 341], "excluded_lines": [], "start_line": 306}, "": {"executed_lines": [], "summary": {"covered_lines": 0, "num_statements": 22, "percent_covered": 0.0, "percent_covered_display": "0", "missing_lines": 22, "excluded_lines": 0, "percent_statements_covered": 0.0, "percent_statements_covered_display": "0"}, "missing_lines": [12, 13, 14, 15, 16, 17, 18, 20, 21, 24, 33, 34, 37, 38, 52, 96, 120, 158, 276, 306, 344, 345], "excluded_lines": [], "start_line": 1}}, "classes": {"HistoricalOddsBackfill": {"executed_lines": [], "summary": {"covered_lines": 0, "num_statements": 139, "percent_covered": 0.0, "percent_covered_display": "0", "missing_lines": 139, "excluded_lines": 0, "percent_statements_covered": 0.0, "percent_statements_covered_display": "0"}, "missing_lines": [39, 40, 41, 44, 45, 46, 48, 49, 50, 54, 55, 56, 57, 59, 60, 63, 64, 68, 69, 71, 72, 73, 75, 76, 77, 79, 81, 84, 86, 87, 90, 93, 94, 98, 99, 107, 108, 110, 111, 112, 113, 114, 115, 117, 118, 122, 123, 124, 125, 128, 129, 131, 132, 134, 153, 154, 155, 156, 160, 162, 170, 171, 172, 174, 177, 178, 179, 181, 182, 183, 185, 187, 188, 189, 191, 192, 194, 195, 199, 201, 202, 203, 205, 206, 208, 209, 212, 213, 214, 215, 217, 218, 219, 221, 222, 223, 225, 226, 228, 229, 232, 233, 234, 238, 239, 242, 258, 259, 260, 261, 262, 264, 266, 267, 269, 271, 273, 274, 278, 279, 281, 282, 283, 284, 285, 286, 288, 290, 291, 293, 295, 296, 297, 298, 299, 300, 301, 302, 303], "excluded_lines": [], "start_line": 37}, "": {"executed_lines": [], "summary": {"covered_lines": 0, "num_statements": 33, "percent_covered": 0.0, "percent_covered_display": "0", "missing_lines": 33, "excluded_lines": 0, "percent_statements_covered": 0.0, "percent_statements_covered_display": "0"}, "missing_lines": [12, 13, 14, 15, 16, 17, 18, 20, 21, 24, 33, 34, 37, 38, 52, 96, 120, 158, 276, 306, 307, 308, 314, 319, 325, 331, 334, 335, 337, 340, 341, 344, 345], "excluded_lines": [], "start_line": 1}}}, "backtest_engine.py": {"executed_lines": [6, 7, 8, 9, 10, 12, 13, 15, 23, 24, 25, 30, 33, 34, 42, 84, 117, 121, 122, 123, 126, 127, 130, 131, 134, 135, 136, 139, 140, 143, 144, 149, 150, 151, 153, 169, 171, 172, 180, 181, 182, 185, 186, 187, 189, 193, 201, 203, 205, 207, 208, 209, 210, 211, 212, 215, 230, 232, 233, 235, 238, 240, 241, 243, 249, 252], "summary": {"covered_lines": 66, "num_statements": 108, "percent_covered": 61.111111111111114, "percent_covered_display": "61", "missing_lines": 42, "excluded_lines": 0, "percent_statements_covered": 61.111111111111114, "percent_statements_covered_display": "61"}, "missing_lines": [51, 54, 59, 60, 61, 62, 63, 66, 69, 81, 82, 88, 95, 96, 97, 98, 99, 109, 110, 112, 115, 128, 132, 165, 166, 167, 213, 254, 255, 257, 258, 259, 260, 261, 263, 264, 269, 270, 274, 279, 280, 281], "excluded_lines": [], "functions": {"BacktestEngine.__init__": {"executed_lines": [34], "summary": {"covered_lines": 1, "num_statements": 1, "percent_covered": 100.0, "percent_covered_display": "100", "missing_lines": 0, "excluded_lines": 0, "percent_statements_covered": 100.0, "percent_statements_covered_display": "100"}, "missing_lines": [], "excluded_lines": [], "start_line": 33}, "BacktestEngine.run_backtest": {"executed_lines": [], "summary": {"covered_lines": 0, "num_statements": 11, "percent_covered": 0.0, "percent_covered_display": "0", "missing_lines": 11, "excluded_lines": 0, "percent_statements_covered": 0.0, "percent_statements_covered_display": "0"}, "missing_lines": [51, 54, 59, 60, 61, 62, 63, 66, 69, 81, 82], "excluded_lines": [], "start_line": 42}, "BacktestEngine._fetch_historical_games": {"executed_lines": [], "summary": {"covered_lines": 0, "num_statements": 10, "percent_covered": 0.0, "percent_covered_display": "0", "missing_lines": 10, "excluded_lines": 0, "percent_statements_covered": 0.0, "percent_statements_covered_display": "0"}, "missing_lines": [88, 95, 96, 97, 98, 99, 109, 110, 112, 115], "excluded_lines": [], "start_line": 84}, "BacktestEngine._evaluate_game": {"executed_lines": [121, 122, 123, 126, 127, 130, 131, 134, 135, 136, 139, 140, 143, 144, 149, 150, 151, 153], "summary": {"covered_lines": 18, "num_statements": 23, "percent_covered": 78.26086956521739, "percent_covered_display": "78", "missing_lines": 5, "excluded_lines": 0, "percent_statements_covered": 78.26086956521739, "percent_statements_covered_display": "78"}, "missing_lines": [128, 132, 165, 166, 167], "excluded_lines": [], "start_line": 117}, "BacktestEngine._calculate_metrics": {"executed_lines": [171, 172, 180, 181, 182, 185, 186, 187, 189, 193], "summary": {"covered_lines": 10, "num_statements": 10, "percent_covered": 100.0, "percent_covered_display": "100", "missing_lines": 0, "excluded_lines": 0, "percent_statements_covered": 100.0, "percent_statements_covered_display": "100"}, "missing_lines": [], "excluded_lines": [], "start_line": 169}, "BacktestEngine._store_backtest": {"executed_lines": [203, 205, 215, 230], "summary": {"covered_lines": 4, "num_statements": 4, "percent_covered": 100.0, "percent_covered_display": "100", "missing_lines": 0, "excluded_lines": 0, "percent_statements_covered": 100.0, "percent_statements_covered_display": "100"}, "missing_lines": [], "excluded_lines": [], "start_line": 201}, "BacktestEngine._store_backtest.convert_floats": {"executed_lines": [207, 208, 209, 210, 211, 212], "summary": {"covered_lines": 6, "num_statements": 7, "percent_covered": 85.71428571428571, "percent_covered_display": "86", "missing_lines": 1, "excluded_lines": 0, "percent_statements_covered": 85.71428571428571, "percent_statements_covered_display": "86"}, "missing_lines": [
[...]
t_covered_display": "0", "missing_lines": 17, "excluded_lines": 0, "percent_statements_covered": 0.0, "percent_statements_covered_display": "0"}, "missing_lines": [52, 53, 54, 57, 58, 60, 61, 63, 64, 65, 75, 79, 80, 82, 84, 85, 87], "excluded_lines": [], "start_line": 48}, "handler": {"executed_lines": [], "summary": {"covered_lines": 0, "num_statements": 6, "percent_covered": 0.0, "percent_covered_display": "0", "missing_lines": 6, "excluded_lines": 0, "percent_statements_covered": 0.0, "percent_statements_covered_display": "0"}, "missing_lines": [94, 97, 98, 101, 102, 104], "excluded_lines": [], "start_line": 90}, "": {"executed_lines": [], "summary": {"covered_lines": 0, "num_statements": 11, "percent_covered": 0.0, "percent_covered_display": "0", "missing_lines": 11, "excluded_lines": 0, "percent_statements_covered": 0.0, "percent_statements_covered_display": "0"}, "missing_lines": [4, 5, 7, 9, 10, 12, 15, 17, 20, 48, 90], "excluded_lines": [], "start_line": 1}}, "classes": {"": {"executed_lines": [], "summary": {"covered_lines": 0, "num_statements": 41, "percent_covered": 0.0, "percent_covered_display": "0", "missing_lines": 41, "excluded_lines": 0, "percent_statements_covered": 0.0, "percent_statements_covered_display": "0"}, "missing_lines": [4, 5, 7, 9, 10, 12, 15, 17, 20, 24, 27, 33, 36, 37, 43, 45, 48, 52, 53, 54, 57, 58, 60, 61, 63, 64, 65, 75, 79, 80, 82, 84, 85, 87, 90, 94, 97, 98, 101, 102, 104], "excluded_lines": [], "start_line": 1}}}, "user_model_weight_adjuster.py": {"executed_lines": [], "summary": {"covered_lines": 0, "num_statements": 91, "percent_covered": 0.0, "percent_covered_display": "0", "missing_lines": 91, "excluded_lines": 0, "percent_statements_covered": 0.0, "percent_statements_covered_display": "0"}, "missing_lines": [5, 6, 7, 9, 10, 12, 14, 15, 16, 19, 26, 29, 38, 39, 40, 43, 44, 45, 47, 48, 50, 51, 54, 55, 58, 65, 66, 69, 71, 72, 75, 76, 78, 79, 82, 84, 87, 88, 89, 91, 94, 99, 100, 101, 102, 105, 106, 107, 110, 111, 112, 113, 115, 116, 117, 122, 123, 124, 125, 128, 129, 130, 131, 132, 133, 136, 138, 139, 141, 144, 149, 152, 157, 158, 160, 161, 162, 164, 165, 169, 170, 172, 173, 175, 176, 177, 179, 180, 181, 183, 185], "excluded_lines": [], "functions": {"get_data_source_accuracy": {"executed_lines": [], "summary": {"covered_lines": 0, "num_statements": 14, "percent_covered": 0.0, "percent_covered_display": "0", "missing_lines": 14, "excluded_lines": 0, "percent_statements_covered": 0.0, "percent_statements_covered_display": "0"}, "missing_lines": [26, 29, 38, 39, 40, 43, 44, 45, 47, 48, 50, 51, 54, 55], "excluded_lines": [], "start_line": 19}, "calculate_new_weights": {"executed_lines": [], "summary": {"covered_lines": 0, "num_statements": 15, "percent_covered": 0.0, "percent_covered_display": "0", "missing_lines": 15, "excluded_lines": 0, "percent_statements_covered": 0.0, "percent_statements_covered_display": "0"}, "missing_lines": [65, 66, 69, 71, 72, 75, 76, 78, 79, 82, 84, 87, 88, 89, 91], "excluded_lines": [], "start_line": 58}, "adjust_model_weights": {"executed_lines": [], "summary": {"covered_lines": 0, "num_statements": 28, "percent_covered": 0.0, "percent_covered_display": "0", "missing_lines": 28, "excluded_lines": 0, "percent_statements_covered": 0.0, "percent_statements_covered_display": "0"}, "missing_lines": [99, 100, 101, 102, 105, 106, 107, 110, 111, 112, 113, 115, 116, 117, 122, 123, 124, 125, 128, 129, 130, 131, 132, 133, 136, 138, 139, 141], "excluded_lines": [], "start_line": 94}, "handler": {"executed_lines": [], "summary": {"covered_lines": 0, "num_statements": 21, "percent_covered": 0.0, "percent_covered_display": "0", "missing_lines": 21, "excluded_lines": 0, "percent_statements_covered": 0.0, "percent_statements_covered_display": "0"}, "missing_lines": [149, 152, 157, 158, 160, 161, 162, 164, 165, 169, 170, 172, 173, 175, 176, 177, 179, 180, 181, 183, 185], "excluded_lines": [], "start_line": 144}, "": {"executed_lines": [], "summary": {"covered_lines": 0, "num_statements": 13, "percent_covered": 0.0, "percent_covered_display": "0", "missing_lines": 13, "excluded_lines": 0, "percent_statements_covered": 0.0, "percent_statements_covered_display": "0"}, "missing_lines": [5, 6, 7, 9, 10, 12, 14, 15, 16, 19, 58, 94, 144], "excluded_lines": [], "start_line": 1}}, "classes": {"": {"executed_lines": [], "summary": {"covered_lines": 0, "num_statements": 91, "percent_covered": 0.0, "percent_covered_display": "0", "missing_lines": 91, "excluded_lines": 0, "percent_statements_covered": 0.0, "percent_statements_covered_display": "0"}, "missing_lines": [5, 6, 7, 9, 10, 12, 14, 15, 16, 19, 26, 29, 38, 39, 40, 43, 44, 45, 47, 48, 50, 51, 54, 55, 58, 65, 66, 69, 71, 72, 75, 76, 78, 79, 82, 84, 87, 88, 89, 91, 94, 99, 100, 101, 102, 105, 106, 107, 110, 111, 112, 113, 115, 116, 117, 122, 123, 124, 125, 128, 129, 130, 131, 132, 133, 136, 138, 139, 141, 144, 149, 152, 157, 158, 160, 161, 162, 164, 165, 169, 170, 172, 173, 175, 176, 177, 179, 180, 181, 183, 185], "excluded_lines": [], "start_line": 1}}}, "user_models.py": {"executed_lines": [4, 5, 6, 7, 8, 10, 11, 13, 14, 15, 19, 20, 23, 25, 26, 27, 28, 29, 30, 31, 34, 37, 53, 54, 55, 56, 57, 58, 59, 60, 61, 62, 63, 64, 65, 67, 69, 89, 90, 92, 108, 113, 114, 122, 123, 133, 140, 143, 159, 160, 161, 162, 163, 164, 165, 166, 167, 168, 169, 170, 171, 173, 175, 195, 196, 214, 218, 219, 235, 236, 268, 272, 280, 281, 282, 285, 286, 289, 293, 299, 303, 304, 310, 311, 314, 315, 316, 319, 322, 323, 326, 327, 329], "summary": {"covered_lines": 93, "num_statements": 120, "percent_covered": 77.5, "percent_covered_display": "78", "missing_lines": 27, "excluded_lines": 0, "percent_statements_covered": 77.5, "percent_statements_covered_display": "78"}, "missing_lines": [110, 111, 116, 119, 120, 125, 131, 135, 198, 216, 221, 223, 224, 231, 239, 244, 248, 249, 250, 251, 253, 254, 258, 290, 300, 307, 312], "excluded_lines": [], "functions": {"convert_floats_to_decimal": {"executed_lines": [25, 26, 27, 28, 29, 30, 31], "summary": {"covered_lines": 7, "num_statements": 7, "percent_covered": 100.0, "percent_covered_display": "100", "missing_lines": 0, "excluded_lines": 0, "percent_statements_covered": 100.0, "percent_statements_covered_display": "100"}, "missing_lines": [], "excluded_lines": [], "start_line": 23}, "UserModel.__init__": {"executed_lines": [53, 54, 55, 56, 57, 58, 59, 60, 61, 62, 63, 64, 65], "summary": {"covered_lines": 13, "num_statements": 13, "percent_covered": 100.0, "percent_covered_display": "100", "missing_lines": 0, "excluded_lines": 0, "percent_statements_covered": 100.0, "percent_statements_covered_display": "100"}, "missing_lines": [], "excluded_lines": [], "start_line": 37}, "UserModel.to_dynamodb": {"executed_lines": [69], "summary": {"covered_lines": 1, "num_statements": 1, "percent_covered": 100.0, "percent_covered_display": "100", "missing_lines": 0, "excluded_lines": 0, "percent_statements_covered": 100.0, "percent_statements_covered_display": "100"}, "missing_lines": [], "excluded_lines": [], "start_line": 67}, "UserModel.from_dynamodb": {"executed_lines": [92], "summary": {"covered_lines": 1, "num_statements": 1, "percent_covered": 100.0, "percent_covered_display": "100", "missing_lines": 0, "excluded_lines": 0, "percent_statements_covered": 100.0, "percent_statements_covered_display": "100"}, "missing_lines": [], "excluded_lines": [], "start_line": 90}, "UserModel.save": {"executed_lines": [], "summary": {"covered_lines": 0, "num_statements": 2, "percent_covered": 0.0, "percent_covered_display": "0", "missing_lines": 2, "excluded_lines": 0, "percent_statements_covered": 0.0, "percent_statements_covered_display": "0"}, "missing_lines": [110, 111], "excluded_lines": [], "start_line": 108}, "UserModel.get": {"executed_lines": [], "summary": {"covered_lines": 0, "num_statements": 3, "percent_covered": 0.0, "percent_covered_display": "0", "missing_lines": 3, "excluded_lines": 0, "percent_statements_covered": 0.0, "percent_statements_covered_display": "0"}, "missing_lines": [116, 119, 120], "excluded_lines": [], "start_line": 114}, "UserModel.list_by_user": {"executed_lines": [], "summary": {"covered_lines": 0, "num_statements": 2, "percent_covered": 0.0, "percent_covered_display": "0", "missing_lines": 2, "excluded_lines": 0, "percent_statements_covered": 0.0, "percent_statements_covered_display": "0"}, "missing_lines": [125, 131], "excluded_lines": [], "start_line": 123}, "UserModel.delete": {"executed_lines": [], "summary": {"covered_lines": 0, "num_statements": 1, "percent_covered": 0.0, "percent_covered_display": "0", "missing_lines": 1, "excluded_lines": 0, "percent_statements_covered": 0.0, "percent_statements_covered_display": "0"}, "missing_lines": [135], "excluded_lines": [], "start_line": 133}, "ModelPrediction.__init__": {"executed_lines": [159, 160, 161, 162, 163, 164, 165, 166, 167, 168, 169, 170, 171], "summary": {"covered_lines": 13, "num_statements": 13, "percent_covered": 100.0, "percent_covered_display": "100", "missing_lines": 0, "excluded_lines": 0, "percent_statements_covered": 100.0, "percent_statements_covered_display": "100"}, "missing_lines": [], "excluded_lines": [], "start_line": 143}, "ModelPrediction.to_dynamodb": {"executed_lines": [175], "summary": {"covered_lines": 1, "num_statements": 1, "percent_covered": 100.0, "percent_covered_display": "100", "missing_lines": 0, "excluded_lines": 0, "percent_statements_covered": 100.0, "percent_statements_covered_display": "100"}, "missing_lines": [], "excluded_lines": [], "start_line": 173}, "ModelPrediction.from_dynamodb": {"executed_lines": [], "summary": {"covered_lines": 0, "num_statements": 1, "percent_covered": 0.0, "percent_covered_display": "0", "missing_lines": 1, "excluded_lines": 0, "percent_statements_covered": 0.0, "percent_statements_covered_display": "0"}, "missing_lines": [198], "excluded_lines": [], "start_line": 196}, "ModelPrediction.save": {"executed_lines": [], "summary": {"covered_lines": 0, "num_statements": 1, "percent_covered": 0.0, "percent_covered_display": "0", "missing_lines": 1, "excluded_lines": 0, "percent_statements_covered": 0.0, "percent_statements_covered_display": "0"}, "missing_lines": [216], "excluded_lines": [], "start_line": 214}, "ModelPrediction.list_by_model": {"executed_lines": [], "summary": {"covered_lines": 0, "num_statements": 4, "percent_covered": 0.0, "percent_covered_display": "0", "missing_lines": 4, "excluded_lines": 0, "percent_statements_covered": 0.0, "percent_statements_covered_display": "0"}, "missing_lines": [221, 223, 224, 231], "excluded_lines": [], "start_line": 219}, "ModelPrediction.get_performance": {"executed_lines": [], "summary": {"covered_lines": 0, "num_statements": 9, "percent_covered": 0.0, "percent_covered_display": "0", "missing_lines": 9, "excluded_lines": 0, "percent_statements_covered": 0.0, "percent_statements_covered_display": "0"}, "missing_lines": [239, 244, 248, 249, 250, 251, 253, 254, 258], "excluded_lines": [], "start_line": 236}, "validate_model_config": {"executed_lines": [272, 280, 281, 282, 285, 286, 289, 293, 299, 303, 304, 310, 311, 314, 315, 316, 319, 322, 323, 326, 327, 329], "summary": {"covered_lines": 22, "num_statements": 26, "percent_covered": 84.61538461538461, "percent_covered_display": "85", "missing_lines": 4, "excluded_lines": 0, "percent_statements_covered": 84.61538461538461, "percent_statements_covered_display": "85"}, "missing_lines": [290, 300, 307, 312], "excluded_lines": [], "start_line": 268}, "": {"executed_lines": [4, 5, 6, 7, 8, 10, 11, 13, 14, 15, 19, 20, 23, 34, 37, 67, 89, 90, 108, 113, 114, 122, 123, 133, 140, 143, 173, 195, 196, 214, 218, 219, 235, 236, 268], "summary": {"covered_lines": 35, "num_statements": 35, "percent_covered": 100.0, "percent_covered_display": "100", "missing_lines": 0, "excluded_lines": 0, "percent_statements_covered": 100.0, "percent_statements_covered_display": "100"}, "missing_lines": [], "excluded_lines": [], "start_line": 1}}, "classes": {"UserModel": {"executed_lines": [53, 54, 55, 56, 57, 58, 59, 60, 61, 62, 63, 64, 65, 69, 92], "summary": {"covered_lines": 15, "num_statements": 23, "percent_covered": 65.21739130434783, "percent_covered_display": "65", "missing_lines": 8, "excluded_lines": 0, "percent_statements_covered": 65.21739130434783, "percent_statements_covered_display": "65"}, "missing_lines": [110, 111, 116, 119, 120, 125, 131, 135], "excluded_lines": [], "start_line": 34}, "ModelPrediction": {"executed_lines": [159, 160, 161, 162, 163, 164, 165, 166, 167, 168, 169, 170, 171, 175], "summary": {"covered_lines": 14, "num_statements": 29, "percent_covered": 48.275862068965516, "percent_covered_display": "48", "missing_lines": 15, "excluded_lines": 0, "percent_statements_covered": 48.275862068965516, "percent_statements_covered_display": "48"}, "missing_lines": [198, 216, 221, 223, 224, 231, 239, 244, 248, 249, 250, 251, 253, 254, 258], "excluded_lines": [], "start_line": 140}, "": {"executed_lines": [4, 5, 6, 7, 8, 10, 11, 13, 14, 15, 19, 20, 23, 25, 26, 27, 28, 29, 30, 31, 34, 37, 67, 89, 90, 108, 113, 114, 122, 123, 133, 140, 143, 173, 195, 196, 214, 218, 219, 235, 236, 268, 272, 280, 281, 282, 285, 286, 289, 293, 299, 303, 304, 310, 311, 314, 315, 316, 319, 322, 323, 326, 327, 329], "summary": {"covered_lines": 64, "num_statements": 68, "percent_covered": 94.11764705882354, "percent_covered_display": "94", "missing_lines": 4, "excluded_lines": 0, "percent_statements_covered": 94.11764705882354, "percent_statements_covered_display": "94"}, "missing_lines": [290, 300, 307, 312], "excluded_lines": [], "start_line": 1}}}, "weather_collector.py": {"executed_lines": [4, 5, 6, 7, 8, 9, 10, 12, 13, 14, 15, 16, 19, 27, 29, 30, 31, 32, 33, 42, 45, 50, 51, 54, 57, 59, 60, 66, 67, 68, 71, 73, 83, 85, 91, 93, 94, 96, 98, 99, 100, 102, 103, 105, 107, 125, 127, 129], "summary": {"covered_lines": 48, "num_statements": 75, "percent_covered": 64.0, "percent_covered_display": "64", "missing_lines": 27, "excluded_lines": 0, "percent_statements_covered": 64.0, "percent_statements_covered_display": "64"}, "missing_lines": [35, 36, 37, 38, 39, 40, 46, 47, 55, 87, 88, 89, 104, 106, 109, 110, 111, 112, 113, 114, 116, 117, 118, 119, 120, 121, 123], "excluded_lines": [], "functions": {"WeatherCollector.__init__": {"executed_lines": [14, 15, 16, 19], "summary": {"covered_lines": 4, "num_statements": 4, "percent_covered": 100.0, "percent_covered_display": "100", "missing_lines": 0, "excluded_lines": 0, "percent_statements_covered": 100.0, "percent_statements_covered_display": "100"}, "missing_lines": [], "excluded_lines": [], "start_line": 13}, "WeatherCollector._get_api_key": {"executed_lines": [29, 30, 31, 32, 33], "summary": {"covered_lines": 5, "num_statements": 11, "percent_covered": 45.45454545454545, "percent_covered_display": "45", "missing_lines": 6, "excluded_lines": 0, "percent_statements_covered": 45.45454545454545, "percent_statements_covered_display": "45"}, "missing_lines": [35, 36, 37, 38, 39, 40], "excluded_lines": [], "start_line": 27}, "WeatherCollector.get_weather_for_game": {"executed_lines": [45, 50, 51, 54, 57, 59, 60, 66, 67, 68, 71, 73, 83, 85], "summary": {"covered_lines": 14, "num_statements": 20, "percent_covered": 70.0, "percent_covered_display": "70", "missing_lines": 6, "excluded_lines": 0, "percent_statements_covered": 70.0, "percent_statements_covered_display": "70"}, "missing_lines": [46, 47, 55, 87, 88, 89], "excluded_lines": [], "start_line": 42}, "WeatherCollector._is_indoor_venue": {"executed_lines": [93, 94], "summary": {"covered_lines": 2, "num_statements": 2, "percent_covered": 100.0, "percent_covered_display": "100", "missing_lines": 0, "excluded_lines": 0, "percent_statements_covered": 100.0, "percent_statements_covered_display": "100"}, "missing_lines": [], "excluded_lines": [], "start_line": 91}, "WeatherCollector._assess_weather_impact": {"executed_lines": [98, 99, 100, 102, 103, 105, 107], "summary": {"covered_lines": 7, "num_statements": 22, "percent_covered": 31.818181818181817, "percent_covered_display": "32", "missing_lines": 15, "excluded_lines": 0, "percent_statements_covered": 31.818181818181817, "percent_statements_covered_display": "32"}, "missing_lines": [104, 106, 109, 110, 111, 112, 113, 114, 116, 117, 118, 119, 120, 121, 123], "excluded_lines": [], "start_line": 96}, "WeatherCollector._store_weather": {"executed_lines": [127, 129], "summary": {"covered_lines": 2, "num_statements": 2, "percent_covered": 100.0, "percent_covered_display": "100", "missing_lines": 0, "excluded_lines": 0, "percent_statements_covered": 100.0, "percent_statements_covered_display": "100"}, "missing_lines": [], "excluded_lines": [], "start_line": 125}, "": {"executed_lines": [4, 5, 6, 7, 8, 9, 10, 12, 13, 27, 42, 91, 96, 125], "summary": {"covered_lines": 14, "num_statements": 14, "percent_covered": 100.0, "percent_covered_display": "100", "missing_lines": 0, "excluded_lines": 0, "percent_statements_covered": 100.0, "percent_statements_covered_display": "100"}, "missing_lines": [], "excluded_lines": [], "start_line": 1}}, "classes": {"WeatherCollector": {"executed_lines": [14, 15, 16, 19, 29, 30, 31, 32, 33, 45, 50, 51, 54, 57, 59, 60, 66, 67, 68, 71, 73, 83, 85, 93, 94, 98, 99, 100, 102, 103, 105, 107, 127, 129], "summary": {"covered_lines": 34, "num_statements": 61, "percent_covered": 55.73770491803279, "percent_covered_display": "56", "missing_lines": 27, "excluded_lines": 0, "percent_statements_covered": 55.73770491803279, "percent_statements_covered_display": "56"}, "missing_lines": [35, 36, 37, 38, 39, 40, 46, 47, 55, 87, 88, 89, 104, 106, 109, 110, 111, 112, 113, 114, 116, 117, 118, 119, 120, 121, 123], "excluded_lines": [], "start_line": 12}, "": {"executed_lines": [4, 5, 6, 7, 8, 9, 10, 12, 13, 27, 42, 91, 96, 125], "summary": {"covered_lines": 14, "num_statements": 14, "percent_covered": 100.0, "percent_covered_display": "100", "missing_lines": 0, "excluded_lines": 0, "percent_statements_covered": 100.0, "percent_statements_covered_display": "100"}, "missing_lines": [], "excluded_lines": [], "start_line": 1}}}, "weather_handler.py": {"executed_lines": [], "summary": {"covered_lines": 0, "num_statements": 28, "percent_covered": 0.0, "percent_covered_display": "0", "missing_lines": 28, "excluded_lines": 0, "percent_statements_covered": 0.0, "percent_statements_covered_display": "0"}, "missing_lines": [4, 5, 6, 7, 8, 10, 12, 13, 16, 17, 19, 29, 30, 32, 33, 34, 35, 37, 38, 39, 41, 45, 46, 47, 48, 49, 50, 52], "excluded_lines": [], "functions": {"lambda_handler": {"executed_lines": [], "summary": {"covered_lines": 0, "num_statements": 22, "percent_covered": 0.0, "percent_covered_display": "0", "missing_lines": 22, "excluded_lines": 0, "percent_statements_covered": 0.0, "percent_statements_covered_display": "0"}, "missing_lines": [12, 13, 16, 17, 19, 29, 30, 32, 33, 34, 35, 37, 38, 39, 41, 45, 46, 47, 48, 49, 50, 52], "excluded_lines": [], "start_line": 10}, "": {"executed_lines": [], "summary": {"covered_lines": 0, "num_statements": 6, "percent_covered": 0.0, "percent_covered_display": "0", "missing_lines": 6, "excluded_lines": 0, "percent_statements_covered": 0.0, "percent_statements_covered_display": "0"}, "missing_lines": [4, 5, 6, 7, 8, 10], "excluded_lines": [], "start_line": 1}}, "classes": {"": {"executed_lines": [], "summary": {"covered_lines": 0, "num_statements": 28, "percent_covered": 0.0, "percent_covered_display": "0", "missing_lines": 28, "excluded_lines": 0, "percent_statements_covered": 0.0, "percent_statements_covered_display": "0"}, "missing_lines": [4, 5, 6, 7, 8, 10, 12, 13, 16, 17, 19, 29, 30, 32, 33, 34, 35, 37, 38, 39, 41, 45, 46, 47, 48, 49, 50, 52], "excluded_lines": [], "start_line": 1}}}}, "totals": {"covered_lines": 8560, "num_statements": 12976, "percent_covered": 65.96794081381012, "percent_covered_display": "66", "missing_lines": 4416, "excluded_lines": 0, "percent_statements_covered": 65.96794081381012, "percent_statements_covered_display": "66"}}